#
# There is insufficient memory for the Java Runtime Environment to continue.
# Native memory allocation (malloc) failed to allocate 32784 bytes for Chunk::new
# Possible reasons:
#   The system is out of physical RAM or swap space
#   The process is running with CompressedOops enabled, and the Java Heap may be blocking the growth of the native heap
# Possible solutions:
#   Reduce memory load on the system
#   Increase physical memory or swap space
#   Check if swap backing store is full
#   Decrease Java heap size (-Xmx/-Xms)
#   Decrease number of Java threads
#   Decrease Java thread stack sizes (-Xss)
#   Set larger code cache with -XX:ReservedCodeCacheSize=
#   JVM is running with Zero Based Compressed Oops mode in which the Java heap is
#     placed in the first 32GB address space. The Java Heap base address is the
#     maximum limit for the native heap growth. Please use -XX:HeapBaseMinAddress
#     to set the Java Heap base and to place the Java Heap above 32GB virtual address.
# This output file may be truncated or incomplete.
#
#  Out of Memory Error (arena.cpp:189), pid=16884, tid=27996
#
# JRE version: OpenJDK Runtime Environment Temurin-17.0.8.1+1 (17.0.8.1+1) (build 17.0.8.1+1)
# Java VM: OpenJDK 64-Bit Server VM Temurin-17.0.8.1+1 (17.0.8.1+1, mixed mode, tiered, compressed oops, compressed class ptrs, g1 gc, windows-amd64)
# No core dump will be written. Minidumps are not enabled by default on client versions of Windows
#

---------------  S U M M A R Y ------------

Command Line: -Dfile.encoding=windows-1252 -XX:+ShowCodeDetailsInExceptionMessages resultsFrame

Host: AMD Ryzen 7 5825U with Radeon Graphics         , 16 cores, 13G,  Windows 11 , 64 bit Build 22621 (10.0.22621.2428)
Time: Tue Nov 14 21:29:55 2023 Eastern Standard Time elapsed time: 7.274977 seconds (0d 0h 0m 7s)

---------------  T H R E A D  ---------------

Current thread (0x000002a8cb5bc970):  JavaThread "C2 CompilerThread0" daemon [_thread_in_native, id=27996, stack(0x000000db8e900000,0x000000db8ea00000)]


Current CompileTask:
C2:   7275 1971       4       sun.java2d.d3d.D3DSurfaceData::validatePipe (385 bytes)

Stack: [0x000000db8e900000,0x000000db8ea00000]
Native frames: (J=compiled Java code, j=interpreted, Vv=VM code, C=native code)
V  [jvm.dll+0x678b0a]
V  [jvm.dll+0x835e84]
V  [jvm.dll+0x83762e]
V  [jvm.dll+0x837c93]
V  [jvm.dll+0x24746f]
V  [jvm.dll+0xac20c]
V  [jvm.dll+0xac7dc]
V  [jvm.dll+0xac31b]
V  [jvm.dll+0x6cf5bc]
V  [jvm.dll+0x58acb7]
V  [jvm.dll+0x756542]
V  [jvm.dll+0x7555b7]
V  [jvm.dll+0x5950db]
V  [jvm.dll+0x581c1a]
V  [jvm.dll+0x222602]
V  [jvm.dll+0x21b5e9]
V  [jvm.dll+0x218f0b]
V  [jvm.dll+0x1a534d]
V  [jvm.dll+0x228d8a]
V  [jvm.dll+0x226dcc]
V  [jvm.dll+0x7ec09b]
V  [jvm.dll+0x7e64ca]
V  [jvm.dll+0x677955]
C  [ucrtbase.dll+0x29363]
C  [KERNEL32.DLL+0x1257d]
C  [ntdll.dll+0x5aa78]


---------------  P R O C E S S  ---------------

Threads class SMR info:
_java_thread_list=0x000002a8d07c4f30, length=17, elements={
0x000002a8cb567060, 0x000002a8cb567cf0, 0x000002a8cb5b4dd0, 0x000002a8cb5b57a0,
0x000002a8cb5b8280, 0x000002a8cb5bad70, 0x000002a8cb5bc970, 0x000002a8cb5dbbe0,
0x000002a8cb5dccd0, 0x000002a8cb738640, 0x000002a8cb74c410, 0x000002a8d00fec60,
0x000002a8d00ff960, 0x000002a8d0105de0, 0x000002a8d03e74d0, 0x000002a8d067bc40,
0x000002a8d067e9d0
}

Java Threads: ( => current thread )
  0x000002a8cb567060 JavaThread "Reference Handler" daemon [_thread_blocked, id=10096, stack(0x000000db8e300000,0x000000db8e400000)]
  0x000002a8cb567cf0 JavaThread "Finalizer" daemon [_thread_blocked, id=30340, stack(0x000000db8e400000,0x000000db8e500000)]
  0x000002a8cb5b4dd0 JavaThread "Signal Dispatcher" daemon [_thread_blocked, id=26348, stack(0x000000db8e500000,0x000000db8e600000)]
  0x000002a8cb5b57a0 JavaThread "Attach Listener" daemon [_thread_blocked, id=2092, stack(0x000000db8e600000,0x000000db8e700000)]
  0x000002a8cb5b8280 JavaThread "Service Thread" daemon [_thread_blocked, id=31820, stack(0x000000db8e700000,0x000000db8e800000)]
  0x000002a8cb5bad70 JavaThread "Monitor Deflation Thread" daemon [_thread_blocked, id=22944, stack(0x000000db8e800000,0x000000db8e900000)]
=>0x000002a8cb5bc970 JavaThread "C2 CompilerThread0" daemon [_thread_in_native, id=27996, stack(0x000000db8e900000,0x000000db8ea00000)]
  0x000002a8cb5dbbe0 JavaThread "C1 CompilerThread0" daemon [_thread_blocked, id=16524, stack(0x000000db8ea00000,0x000000db8eb00000)]
  0x000002a8cb5dccd0 JavaThread "Sweeper thread" daemon [_thread_blocked, id=28992, stack(0x000000db8eb00000,0x000000db8ec00000)]
  0x000002a8cb738640 JavaThread "Notification Thread" daemon [_thread_blocked, id=22632, stack(0x000000db8ed00000,0x000000db8ee00000)]
  0x000002a8cb74c410 JavaThread "Common-Cleaner" daemon [_thread_blocked, id=3604, stack(0x000000db8ef00000,0x000000db8f000000)]
  0x000002a8d00fec60 JavaThread "Java2D Disposer" daemon [_thread_blocked, id=22796, stack(0x000000db8f000000,0x000000db8f100000)]
  0x000002a8d00ff960 JavaThread "AWT-Shutdown" [_thread_blocked, id=24052, stack(0x000000db8f100000,0x000000db8f200000)]
  0x000002a8d0105de0 JavaThread "AWT-Windows" daemon [_thread_in_native, id=6828, stack(0x000000db8f200000,0x000000db8f300000)]
  0x000002a8d03e74d0 JavaThread "AWT-EventQueue-0" [_thread_blocked, id=34200, stack(0x000000db90000000,0x000000db90100000)]
  0x000002a8d067bc40 JavaThread "DestroyJavaVM" [_thread_blocked, id=17768, stack(0x000000db8dc00000,0x000000db8dd00000)]
  0x000002a8d067e9d0 JavaThread "D3D Screen Updater" daemon [_thread_in_native, id=28808, stack(0x000000db90100000,0x000000db90200000)]

Other Threads:
  0x000002a8cb55faf0 VMThread "VM Thread" [stack: 0x000000db8e200000,0x000000db8e300000] [id=17804]
  0x000002a8cb73af40 WatcherThread [stack: 0x000000db8ee00000,0x000000db8ef00000] [id=17248]
  0x000002a8ad207610 GCTaskThread "GC Thread#0" [stack: 0x000000db8dd00000,0x000000db8de00000] [id=7192]
  0x000002a8d68cc590 GCTaskThread "GC Thread#1" [stack: 0x000000db90500000,0x000000db90600000] [id=24772]
  0x000002a8d693bb00 GCTaskThread "GC Thread#2" [stack: 0x000000db90600000,0x000000db90700000] [id=14320]
  0x000002a8d693bdc0 GCTaskThread "GC Thread#3" [stack: 0x000000db90700000,0x000000db90800000] [id=29020]
  0x000002a8d693c080 GCTaskThread "GC Thread#4" [stack: 0x000000db90800000,0x000000db90900000] [id=14476]
  0x000002a8d6804ee0 GCTaskThread "GC Thread#5" [stack: 0x000000db90900000,0x000000db90a00000] [id=28160]
  0x000002a8d695bce0 GCTaskThread "GC Thread#6" [stack: 0x000000db90a00000,0x000000db90b00000] [id=15828]
  0x000002a8d695bfa0 GCTaskThread "GC Thread#7" [stack: 0x000000db90b00000,0x000000db90c00000] [id=23740]
  0x000002a8d6f03800 GCTaskThread "GC Thread#8" [stack: 0x000000db8ec00000,0x000000db8ed00000] [id=10696]
  0x000002a8ad216ac0 ConcurrentGCThread "G1 Main Marker" [stack: 0x000000db8de00000,0x000000db8df00000] [id=8628]
  0x000002a8ad2174d0 ConcurrentGCThread "G1 Conc#0" [stack: 0x000000db8df00000,0x000000db8e000000] [id=6528]
  0x000002a8caa247b0 ConcurrentGCThread "G1 Refine#0" [stack: 0x000000db8e000000,0x000000db8e100000] [id=12300]
  0x000002a8caa26000 ConcurrentGCThread "G1 Service" [stack: 0x000000db8e100000,0x000000db8e200000] [id=30108]

Threads with active compile tasks:
C2 CompilerThread0     7294 1971       4       sun.java2d.d3d.D3DSurfaceData::validatePipe (385 bytes)

VM state: not at safepoint (normal execution)

VM Mutex/Monitor currently owned by a thread: None

Heap address: 0x0000000722400000, size: 3548 MB, Compressed Oops mode: Zero based, Oop shift amount: 3

CDS archive(s) not mapped
Compressed class space mapped at: 0x0000000800000000-0x0000000840000000, reserved size: 1073741824
Narrow klass base: 0x0000000800000000, Narrow klass shift: 0, Narrow klass range: 0x40000000

GC Precious Log:
 CPUs: 16 total, 16 available
 Memory: 14188M
 Large Page Support: Disabled
 NUMA Support: Disabled
 Compressed Oops: Enabled (Zero based)
 Heap Region Size: 2M
 Heap Min Capacity: 8M
 Heap Initial Capacity: 222M
 Heap Max Capacity: 3548M
 Pre-touch: Disabled
 Parallel Workers: 13
 Concurrent Workers: 3
 Concurrent Refinement Workers: 13
 Periodic GC: Disabled

Heap:
 garbage-first heap   total 227328K, used 65656K [0x0000000722400000, 0x0000000800000000)
  region size 2048K, 32 young (65536K), 2 survivors (4096K)
 Metaspace       used 13615K, committed 13760K, reserved 1114112K
  class space    used 1317K, committed 1408K, reserved 1048576K

Heap Regions: E=young(eden), S=young(survivor), O=old, HS=humongous(starts), HC=humongous(continues), CS=collection set, F=free, OA=open archive, CA=closed archive, TAMS=top-at-mark-start (previous, next)
|   0|0x0000000722400000, 0x0000000722600000, 0x0000000722600000|100%|HS|  |TAMS 0x0000000722400000, 0x0000000722400000| Complete 
|   1|0x0000000722600000, 0x0000000722800000, 0x0000000722800000|100%|HC|  |TAMS 0x0000000722600000, 0x0000000722600000| Complete 
|   2|0x0000000722800000, 0x0000000722800000, 0x0000000722a00000|  0%| F|  |TAMS 0x0000000722800000, 0x0000000722800000| Untracked 
|   3|0x0000000722a00000, 0x0000000722a00000, 0x0000000722c00000|  0%| F|  |TAMS 0x0000000722a00000, 0x0000000722a00000| Untracked 
|   4|0x0000000722c00000, 0x0000000722c00000, 0x0000000722e00000|  0%| F|  |TAMS 0x0000000722c00000, 0x0000000722c00000| Untracked 
|   5|0x0000000722e00000, 0x0000000722e00000, 0x0000000723000000|  0%| F|  |TAMS 0x0000000722e00000, 0x0000000722e00000| Untracked 
|   6|0x0000000723000000, 0x0000000723000000, 0x0000000723200000|  0%| F|  |TAMS 0x0000000723000000, 0x0000000723000000| Untracked 
|   7|0x0000000723200000, 0x0000000723200000, 0x0000000723400000|  0%| F|  |TAMS 0x0000000723200000, 0x0000000723200000| Untracked 
|   8|0x0000000723400000, 0x0000000723400000, 0x0000000723600000|  0%| F|  |TAMS 0x0000000723400000, 0x0000000723400000| Untracked 
|   9|0x0000000723600000, 0x0000000723600000, 0x0000000723800000|  0%| F|  |TAMS 0x0000000723600000, 0x0000000723600000| Untracked 
|  10|0x0000000723800000, 0x0000000723800000, 0x0000000723a00000|  0%| F|  |TAMS 0x0000000723800000, 0x0000000723800000| Untracked 
|  11|0x0000000723a00000, 0x0000000723a00000, 0x0000000723c00000|  0%| F|  |TAMS 0x0000000723a00000, 0x0000000723a00000| Untracked 
|  12|0x0000000723c00000, 0x0000000723c00000, 0x0000000723e00000|  0%| F|  |TAMS 0x0000000723c00000, 0x0000000723c00000| Untracked 
|  13|0x0000000723e00000, 0x0000000723e00000, 0x0000000724000000|  0%| F|  |TAMS 0x0000000723e00000, 0x0000000723e00000| Untracked 
|  14|0x0000000724000000, 0x0000000724000000, 0x0000000724200000|  0%| F|  |TAMS 0x0000000724000000, 0x0000000724000000| Untracked 
|  15|0x0000000724200000, 0x0000000724200000, 0x0000000724400000|  0%| F|  |TAMS 0x0000000724200000, 0x0000000724200000| Untracked 
|  16|0x0000000724400000, 0x0000000724400000, 0x0000000724600000|  0%| F|  |TAMS 0x0000000724400000, 0x0000000724400000| Untracked 
|  17|0x0000000724600000, 0x0000000724600000, 0x0000000724800000|  0%| F|  |TAMS 0x0000000724600000, 0x0000000724600000| Untracked 
|  18|0x0000000724800000, 0x0000000724800000, 0x0000000724a00000|  0%| F|  |TAMS 0x0000000724800000, 0x0000000724800000| Untracked 
|  19|0x0000000724a00000, 0x0000000724a00000, 0x0000000724c00000|  0%| F|  |TAMS 0x0000000724a00000, 0x0000000724a00000| Untracked 
|  20|0x0000000724c00000, 0x0000000724c00000, 0x0000000724e00000|  0%| F|  |TAMS 0x0000000724c00000, 0x0000000724c00000| Untracked 
|  21|0x0000000724e00000, 0x0000000724e00000, 0x0000000725000000|  0%| F|  |TAMS 0x0000000724e00000, 0x0000000724e00000| Untracked 
|  22|0x0000000725000000, 0x0000000725000000, 0x0000000725200000|  0%| F|  |TAMS 0x0000000725000000, 0x0000000725000000| Untracked 
|  23|0x0000000725200000, 0x0000000725200000, 0x0000000725400000|  0%| F|  |TAMS 0x0000000725200000, 0x0000000725200000| Untracked 
|  24|0x0000000725400000, 0x0000000725400000, 0x0000000725600000|  0%| F|  |TAMS 0x0000000725400000, 0x0000000725400000| Untracked 
|  25|0x0000000725600000, 0x0000000725600000, 0x0000000725800000|  0%| F|  |TAMS 0x0000000725600000, 0x0000000725600000| Untracked 
|  26|0x0000000725800000, 0x0000000725800000, 0x0000000725a00000|  0%| F|  |TAMS 0x0000000725800000, 0x0000000725800000| Untracked 
|  27|0x0000000725a00000, 0x0000000725a00000, 0x0000000725c00000|  0%| F|  |TAMS 0x0000000725a00000, 0x0000000725a00000| Untracked 
|  28|0x0000000725c00000, 0x0000000725c00000, 0x0000000725e00000|  0%| F|  |TAMS 0x0000000725c00000, 0x0000000725c00000| Untracked 
|  29|0x0000000725e00000, 0x0000000725e00000, 0x0000000726000000|  0%| F|  |TAMS 0x0000000725e00000, 0x0000000725e00000| Untracked 
|  30|0x0000000726000000, 0x0000000726000000, 0x0000000726200000|  0%| F|  |TAMS 0x0000000726000000, 0x0000000726000000| Untracked 
|  31|0x0000000726200000, 0x0000000726200000, 0x0000000726400000|  0%| F|  |TAMS 0x0000000726200000, 0x0000000726200000| Untracked 
|  32|0x0000000726400000, 0x0000000726400000, 0x0000000726600000|  0%| F|  |TAMS 0x0000000726400000, 0x0000000726400000| Untracked 
|  33|0x0000000726600000, 0x0000000726600000, 0x0000000726800000|  0%| F|  |TAMS 0x0000000726600000, 0x0000000726600000| Untracked 
|  34|0x0000000726800000, 0x0000000726800000, 0x0000000726a00000|  0%| F|  |TAMS 0x0000000726800000, 0x0000000726800000| Untracked 
|  35|0x0000000726a00000, 0x0000000726a00000, 0x0000000726c00000|  0%| F|  |TAMS 0x0000000726a00000, 0x0000000726a00000| Untracked 
|  36|0x0000000726c00000, 0x0000000726c00000, 0x0000000726e00000|  0%| F|  |TAMS 0x0000000726c00000, 0x0000000726c00000| Untracked 
|  37|0x0000000726e00000, 0x0000000726e00000, 0x0000000727000000|  0%| F|  |TAMS 0x0000000726e00000, 0x0000000726e00000| Untracked 
|  38|0x0000000727000000, 0x0000000727000000, 0x0000000727200000|  0%| F|  |TAMS 0x0000000727000000, 0x0000000727000000| Untracked 
|  39|0x0000000727200000, 0x0000000727200000, 0x0000000727400000|  0%| F|  |TAMS 0x0000000727200000, 0x0000000727200000| Untracked 
|  40|0x0000000727400000, 0x0000000727400000, 0x0000000727600000|  0%| F|  |TAMS 0x0000000727400000, 0x0000000727400000| Untracked 
|  41|0x0000000727600000, 0x0000000727600000, 0x0000000727800000|  0%| F|  |TAMS 0x0000000727600000, 0x0000000727600000| Untracked 
|  42|0x0000000727800000, 0x0000000727800000, 0x0000000727a00000|  0%| F|  |TAMS 0x0000000727800000, 0x0000000727800000| Untracked 
|  43|0x0000000727a00000, 0x0000000727a00000, 0x0000000727c00000|  0%| F|  |TAMS 0x0000000727a00000, 0x0000000727a00000| Untracked 
|  44|0x0000000727c00000, 0x0000000727c00000, 0x0000000727e00000|  0%| F|  |TAMS 0x0000000727c00000, 0x0000000727c00000| Untracked 
|  45|0x0000000727e00000, 0x0000000727e00000, 0x0000000728000000|  0%| F|  |TAMS 0x0000000727e00000, 0x0000000727e00000| Untracked 
|  46|0x0000000728000000, 0x0000000728000000, 0x0000000728200000|  0%| F|  |TAMS 0x0000000728000000, 0x0000000728000000| Untracked 
|  47|0x0000000728200000, 0x0000000728200000, 0x0000000728400000|  0%| F|  |TAMS 0x0000000728200000, 0x0000000728200000| Untracked 
|  48|0x0000000728400000, 0x0000000728400000, 0x0000000728600000|  0%| F|  |TAMS 0x0000000728400000, 0x0000000728400000| Untracked 
|  49|0x0000000728600000, 0x0000000728600000, 0x0000000728800000|  0%| F|  |TAMS 0x0000000728600000, 0x0000000728600000| Untracked 
|  50|0x0000000728800000, 0x0000000728800000, 0x0000000728a00000|  0%| F|  |TAMS 0x0000000728800000, 0x0000000728800000| Untracked 
|  51|0x0000000728a00000, 0x0000000728a00000, 0x0000000728c00000|  0%| F|  |TAMS 0x0000000728a00000, 0x0000000728a00000| Untracked 
|  52|0x0000000728c00000, 0x0000000728c00000, 0x0000000728e00000|  0%| F|  |TAMS 0x0000000728c00000, 0x0000000728c00000| Untracked 
|  53|0x0000000728e00000, 0x0000000728e00000, 0x0000000729000000|  0%| F|  |TAMS 0x0000000728e00000, 0x0000000728e00000| Untracked 
|  54|0x0000000729000000, 0x0000000729000000, 0x0000000729200000|  0%| F|  |TAMS 0x0000000729000000, 0x0000000729000000| Untracked 
|  55|0x0000000729200000, 0x0000000729200000, 0x0000000729400000|  0%| F|  |TAMS 0x0000000729200000, 0x0000000729200000| Untracked 
|  56|0x0000000729400000, 0x0000000729400000, 0x0000000729600000|  0%| F|  |TAMS 0x0000000729400000, 0x0000000729400000| Untracked 
|  57|0x0000000729600000, 0x0000000729600000, 0x0000000729800000|  0%| F|  |TAMS 0x0000000729600000, 0x0000000729600000| Untracked 
|  58|0x0000000729800000, 0x0000000729800000, 0x0000000729a00000|  0%| F|  |TAMS 0x0000000729800000, 0x0000000729800000| Untracked 
|  59|0x0000000729a00000, 0x0000000729a00000, 0x0000000729c00000|  0%| F|  |TAMS 0x0000000729a00000, 0x0000000729a00000| Untracked 
|  60|0x0000000729c00000, 0x0000000729c00000, 0x0000000729e00000|  0%| F|  |TAMS 0x0000000729c00000, 0x0000000729c00000| Untracked 
|  61|0x0000000729e00000, 0x0000000729e00000, 0x000000072a000000|  0%| F|  |TAMS 0x0000000729e00000, 0x0000000729e00000| Untracked 
|  62|0x000000072a000000, 0x000000072a000000, 0x000000072a200000|  0%| F|  |TAMS 0x000000072a000000, 0x000000072a000000| Untracked 
|  63|0x000000072a200000, 0x000000072a200000, 0x000000072a400000|  0%| F|  |TAMS 0x000000072a200000, 0x000000072a200000| Untracked 
|  64|0x000000072a400000, 0x000000072a400000, 0x000000072a600000|  0%| F|  |TAMS 0x000000072a400000, 0x000000072a400000| Untracked 
|  65|0x000000072a600000, 0x000000072a600000, 0x000000072a800000|  0%| F|  |TAMS 0x000000072a600000, 0x000000072a600000| Untracked 
|  66|0x000000072a800000, 0x000000072a800000, 0x000000072aa00000|  0%| F|  |TAMS 0x000000072a800000, 0x000000072a800000| Untracked 
|  67|0x000000072aa00000, 0x000000072aa00000, 0x000000072ac00000|  0%| F|  |TAMS 0x000000072aa00000, 0x000000072aa00000| Untracked 
|  68|0x000000072ac00000, 0x000000072ac00000, 0x000000072ae00000|  0%| F|  |TAMS 0x000000072ac00000, 0x000000072ac00000| Untracked 
|  69|0x000000072ae00000, 0x000000072ae00000, 0x000000072b000000|  0%| F|  |TAMS 0x000000072ae00000, 0x000000072ae00000| Untracked 
|  70|0x000000072b000000, 0x000000072b000000, 0x000000072b200000|  0%| F|  |TAMS 0x000000072b000000, 0x000000072b000000| Untracked 
|  71|0x000000072b200000, 0x000000072b200000, 0x000000072b400000|  0%| F|  |TAMS 0x000000072b200000, 0x000000072b200000| Untracked 
|  72|0x000000072b400000, 0x000000072b400000, 0x000000072b600000|  0%| F|  |TAMS 0x000000072b400000, 0x000000072b400000| Untracked 
|  73|0x000000072b600000, 0x000000072b600000, 0x000000072b800000|  0%| F|  |TAMS 0x000000072b600000, 0x000000072b600000| Untracked 
|  74|0x000000072b800000, 0x000000072b800000, 0x000000072ba00000|  0%| F|  |TAMS 0x000000072b800000, 0x000000072b800000| Untracked 
|  75|0x000000072ba00000, 0x000000072ba00000, 0x000000072bc00000|  0%| F|  |TAMS 0x000000072ba00000, 0x000000072ba00000| Untracked 
|  76|0x000000072bc00000, 0x000000072bc00000, 0x000000072be00000|  0%| F|  |TAMS 0x000000072bc00000, 0x000000072bc00000| Untracked 
|  77|0x000000072be00000, 0x000000072be00000, 0x000000072c000000|  0%| F|  |TAMS 0x000000072be00000, 0x000000072be00000| Untracked 
|  78|0x000000072c000000, 0x000000072c000000, 0x000000072c200000|  0%| F|  |TAMS 0x000000072c000000, 0x000000072c000000| Untracked 
|  79|0x000000072c200000, 0x000000072c300800, 0x000000072c400000| 50%| E|  |TAMS 0x000000072c200000, 0x000000072c200000| Complete 
|  80|0x000000072c400000, 0x000000072c600000, 0x000000072c600000|100%| E|CS|TAMS 0x000000072c400000, 0x000000072c400000| Complete 
|  81|0x000000072c600000, 0x000000072c800000, 0x000000072c800000|100%| E|CS|TAMS 0x000000072c600000, 0x000000072c600000| Complete 
|  82|0x000000072c800000, 0x000000072ca00000, 0x000000072ca00000|100%| E|CS|TAMS 0x000000072c800000, 0x000000072c800000| Complete 
|  83|0x000000072ca00000, 0x000000072cc00000, 0x000000072cc00000|100%| E|CS|TAMS 0x000000072ca00000, 0x000000072ca00000| Complete 
|  84|0x000000072cc00000, 0x000000072ce00000, 0x000000072ce00000|100%| E|CS|TAMS 0x000000072cc00000, 0x000000072cc00000| Complete 
|  85|0x000000072ce00000, 0x000000072d000000, 0x000000072d000000|100%| E|CS|TAMS 0x000000072ce00000, 0x000000072ce00000| Complete 
|  86|0x000000072d000000, 0x000000072d200000, 0x000000072d200000|100%| E|CS|TAMS 0x000000072d000000, 0x000000072d000000| Complete 
|  87|0x000000072d200000, 0x000000072d400000, 0x000000072d400000|100%| E|CS|TAMS 0x000000072d200000, 0x000000072d200000| Complete 
|  88|0x000000072d400000, 0x000000072d600000, 0x000000072d600000|100%| E|CS|TAMS 0x000000072d400000, 0x000000072d400000| Complete 
|  89|0x000000072d600000, 0x000000072d800000, 0x000000072d800000|100%| E|CS|TAMS 0x000000072d600000, 0x000000072d600000| Complete 
|  90|0x000000072d800000, 0x000000072da00000, 0x000000072da00000|100%| E|CS|TAMS 0x000000072d800000, 0x000000072d800000| Complete 
|  91|0x000000072da00000, 0x000000072da1e1c0, 0x000000072dc00000|  5%| S|CS|TAMS 0x000000072da00000, 0x000000072da00000| Complete 
|  92|0x000000072dc00000, 0x000000072de00000, 0x000000072de00000|100%| S|CS|TAMS 0x000000072dc00000, 0x000000072dc00000| Complete 
|  93|0x000000072de00000, 0x000000072e000000, 0x000000072e000000|100%| E|CS|TAMS 0x000000072de00000, 0x000000072de00000| Complete 
|  94|0x000000072e000000, 0x000000072e200000, 0x000000072e200000|100%| E|CS|TAMS 0x000000072e000000, 0x000000072e000000| Complete 
|  95|0x000000072e200000, 0x000000072e400000, 0x000000072e400000|100%| E|CS|TAMS 0x000000072e200000, 0x000000072e200000| Complete 
|  96|0x000000072e400000, 0x000000072e600000, 0x000000072e600000|100%| E|CS|TAMS 0x000000072e400000, 0x000000072e400000| Complete 
|  97|0x000000072e600000, 0x000000072e800000, 0x000000072e800000|100%| E|CS|TAMS 0x000000072e600000, 0x000000072e600000| Complete 
|  98|0x000000072e800000, 0x000000072ea00000, 0x000000072ea00000|100%| E|CS|TAMS 0x000000072e800000, 0x000000072e800000| Complete 
|  99|0x000000072ea00000, 0x000000072ec00000, 0x000000072ec00000|100%| E|CS|TAMS 0x000000072ea00000, 0x000000072ea00000| Complete 
| 100|0x000000072ec00000, 0x000000072ee00000, 0x000000072ee00000|100%| E|CS|TAMS 0x000000072ec00000, 0x000000072ec00000| Complete 
| 101|0x000000072ee00000, 0x000000072f000000, 0x000000072f000000|100%| E|CS|TAMS 0x000000072ee00000, 0x000000072ee00000| Complete 
| 102|0x000000072f000000, 0x000000072f200000, 0x000000072f200000|100%| E|CS|TAMS 0x000000072f000000, 0x000000072f000000| Complete 
| 103|0x000000072f200000, 0x000000072f400000, 0x000000072f400000|100%| E|CS|TAMS 0x000000072f200000, 0x000000072f200000| Complete 
| 104|0x000000072f400000, 0x000000072f600000, 0x000000072f600000|100%| E|CS|TAMS 0x000000072f400000, 0x000000072f400000| Complete 
| 105|0x000000072f600000, 0x000000072f800000, 0x000000072f800000|100%| E|CS|TAMS 0x000000072f600000, 0x000000072f600000| Complete 
| 106|0x000000072f800000, 0x000000072fa00000, 0x000000072fa00000|100%| E|CS|TAMS 0x000000072f800000, 0x000000072f800000| Complete 
| 107|0x000000072fa00000, 0x000000072fc00000, 0x000000072fc00000|100%| E|CS|TAMS 0x000000072fa00000, 0x000000072fa00000| Complete 
| 108|0x000000072fc00000, 0x000000072fe00000, 0x000000072fe00000|100%| E|CS|TAMS 0x000000072fc00000, 0x000000072fc00000| Complete 
| 109|0x000000072fe00000, 0x0000000730000000, 0x0000000730000000|100%| E|CS|TAMS 0x000000072fe00000, 0x000000072fe00000| Complete 
| 110|0x0000000730000000, 0x0000000730200000, 0x0000000730200000|100%| E|CS|TAMS 0x0000000730000000, 0x0000000730000000| Complete 

Card table byte_map: [0x000002a8c07d0000,0x000002a8c0ec0000] _byte_map_base: 0x000002a8bcebe000

Marking Bits (Prev, Next): (CMBitMap*) 0x000002a8ad207c30, (CMBitMap*) 0x000002a8ad207c70
 Prev Bits: [0x000002a8c15b0000, 0x000002a8c4d20000)
 Next Bits: [0x000002a8c4d20000, 0x000002a8c8490000)

Polling page: 0x000002a8ac960000

Metaspace:

Usage:
  Non-class:     12.01 MB used.
      Class:      1.29 MB used.
       Both:     13.30 MB used.

Virtual space:
  Non-class space:       64.00 MB reserved,      12.06 MB ( 19%) committed,  1 nodes.
      Class space:        1.00 GB reserved,       1.38 MB ( <1%) committed,  1 nodes.
             Both:        1.06 GB reserved,      13.44 MB (  1%) committed. 

Chunk freelists:
   Non-Class:  3.00 MB
       Class:  14.62 MB
        Both:  17.62 MB

MaxMetaspaceSize: unlimited
CompressedClassSpaceSize: 1.00 GB
Initial GC threshold: 21.00 MB
Current GC threshold: 21.00 MB
CDS: off
MetaspaceReclaimPolicy: balanced
 - commit_granule_bytes: 65536.
 - commit_granule_words: 8192.
 - virtual_space_node_default_size: 8388608.
 - enlarge_chunks_in_place: 1.
 - new_chunks_are_fully_committed: 0.
 - uncommit_free_chunks: 1.
 - use_allocation_guard: 0.
 - handle_deallocations: 1.


Internal statistics:

num_allocs_failed_limit: 0.
num_arena_births: 114.
num_arena_deaths: 0.
num_vsnodes_births: 2.
num_vsnodes_deaths: 0.
num_space_committed: 215.
num_space_uncommitted: 0.
num_chunks_returned_to_freelist: 0.
num_chunks_taken_from_freelist: 200.
num_chunk_merges: 0.
num_chunk_splits: 97.
num_chunks_enlarged: 22.
num_inconsistent_stats: 0.

CodeHeap 'non-profiled nmethods': size=119168Kb used=1497Kb max_used=1497Kb free=117670Kb
 bounds [0x000002a8b8400000, 0x000002a8b8670000, 0x000002a8bf860000]
CodeHeap 'profiled nmethods': size=119104Kb used=3262Kb max_used=3262Kb free=115841Kb
 bounds [0x000002a8b0860000, 0x000002a8b0b90000, 0x000002a8b7cb0000]
CodeHeap 'non-nmethods': size=7488Kb used=1252Kb max_used=2991Kb free=6235Kb
 bounds [0x000002a8b7cb0000, 0x000002a8b7fb0000, 0x000002a8b8400000]
 total_blobs=2545 nmethods=1970 adapters=488
 compilation: enabled
              stopped_count=0, restarted_count=0
 full_count=0

Compilation events (20 events):
Event: 6.901 Thread 0x000002a8cb5bc970 nmethod 1955 0x000002a8b8574510 code [0x000002a8b8574680, 0x000002a8b8574738]
Event: 6.901 Thread 0x000002a8cb5bc970 1960       4       sun.swing.SwingUtilities2$KeyPair::hashCode (19 bytes)
Event: 6.903 Thread 0x000002a8cb5bc970 nmethod 1960 0x000002a8b8574810 code [0x000002a8b85749a0, 0x000002a8b8574c08]
Event: 7.124 Thread 0x000002a8cb5dbbe0 1961       3       java.awt.EventQueue::cacheEQItem (60 bytes)
Event: 7.125 Thread 0x000002a8cb5dbbe0 nmethod 1961 0x000002a8b0b8c010 code [0x000002a8b0b8c1e0, 0x000002a8b0b8ca08]
Event: 7.252 Thread 0x000002a8cb5dbbe0 1962       3       jdk.internal.loader.NativeLibraries$NativeLibraryImpl::find (6 bytes)
Event: 7.253 Thread 0x000002a8cb5dbbe0 nmethod 1962 0x000002a8b0b8cc10 code [0x000002a8b0b8cda0, 0x000002a8b0b8cec8]
Event: 7.258 Thread 0x000002a8cb5bc970 1964       4       sun.awt.image.SurfaceManager::<init> (5 bytes)
Event: 7.258 Thread 0x000002a8cb5bc970 nmethod 1964 0x000002a8b8575190 code [0x000002a8b8575300, 0x000002a8b8575378]
Event: 7.260 Thread 0x000002a8cb5dbbe0 1965       3       sun.awt.SunHints$Value::get (8 bytes)
Event: 7.260 Thread 0x000002a8cb5dbbe0 nmethod 1965 0x000002a8b0b8cf90 code [0x000002a8b0b8d120, 0x000002a8b0b8d278]
Event: 7.261 Thread 0x000002a8cb5bc970 1966       4       java.util.Arrays::binarySearch0 (95 bytes)
Event: 7.263 Thread 0x000002a8cb5bc970 nmethod 1966 0x000002a8b8575490 code [0x000002a8b8575620, 0x000002a8b8575838]
Event: 7.263 Thread 0x000002a8cb5bc970 1967       4       java.awt.geom.AffineTransform::getType (17 bytes)
Event: 7.263 Thread 0x000002a8cb5bc970 nmethod 1967 0x000002a8b8575a10 code [0x000002a8b8575ba0, 0x000002a8b8575c48]
Event: 7.265 Thread 0x000002a8cb5bc970 1968       4       sun.java2d.d3d.D3DPaints$Gradient::isPaintValid (26 bytes)
Event: 7.266 Thread 0x000002a8cb5bc970 nmethod 1968 0x000002a8b8575d10 code [0x000002a8b8575ea0, 0x000002a8b8575ff8]
Event: 7.269 Thread 0x000002a8cb5bc970 1969       4       sun.java2d.SurfaceData::pixelFor (13 bytes)
Event: 7.270 Thread 0x000002a8cb5bc970 nmethod 1969 0x000002a8b8576210 code [0x000002a8b85763a0, 0x000002a8b8576498]
Event: 7.270 Thread 0x000002a8cb5bc970 1971       4       sun.java2d.d3d.D3DSurfaceData::validatePipe (385 bytes)

GC Heap History (4 events):
Event: 1.742 GC heap before
{Heap before GC invocations=0 (full 0):
 garbage-first heap   total 227328K, used 26624K [0x0000000722400000, 0x0000000800000000)
  region size 2048K, 11 young (22528K), 0 survivors (0K)
 Metaspace       used 13526K, committed 13696K, reserved 1114112K
  class space    used 1312K, committed 1408K, reserved 1048576K
}
Event: 1.746 GC heap after
{Heap after GC invocations=1 (full 0):
 garbage-first heap   total 227328K, used 6106K [0x0000000722400000, 0x0000000800000000)
  region size 2048K, 1 young (2048K), 1 survivors (2048K)
 Metaspace       used 13526K, committed 13696K, reserved 1114112K
  class space    used 1312K, committed 1408K, reserved 1048576K
}
Event: 3.796 GC heap before
{Heap before GC invocations=1 (full 0):
 garbage-first heap   total 227328K, used 40922K [0x0000000722400000, 0x0000000800000000)
  region size 2048K, 18 young (36864K), 1 survivors (2048K)
 Metaspace       used 13548K, committed 13696K, reserved 1114112K
  class space    used 1313K, committed 1408K, reserved 1048576K
}
Event: 3.799 GC heap after
{Heap after GC invocations=2 (full 0):
 garbage-first heap   total 227328K, used 6264K [0x0000000722400000, 0x0000000800000000)
  region size 2048K, 2 young (4096K), 2 survivors (4096K)
 Metaspace       used 13548K, committed 13696K, reserved 1114112K
  class space    used 1313K, committed 1408K, reserved 1048576K
}

Dll operation events (8 events):
Event: 0.007 Loaded shared library C:\Users\hamza\.p2\pool\plugins\org.eclipse.justj.openjdk.hotspot.jre.full.win32.x86_64_17.0.8.v20230831-1047\jre\bin\java.dll
Event: 0.112 Loaded shared library C:\Users\hamza\.p2\pool\plugins\org.eclipse.justj.openjdk.hotspot.jre.full.win32.x86_64_17.0.8.v20230831-1047\jre\bin\jimage.dll
Event: 0.151 Loaded shared library C:\Users\hamza\.p2\pool\plugins\org.eclipse.justj.openjdk.hotspot.jre.full.win32.x86_64_17.0.8.v20230831-1047\jre\bin\awt.dll
Event: 0.389 Loaded shared library C:\Users\hamza\.p2\pool\plugins\org.eclipse.justj.openjdk.hotspot.jre.full.win32.x86_64_17.0.8.v20230831-1047\jre\bin\zip.dll
Event: 0.490 Loaded shared library C:\Users\hamza\.p2\pool\plugins\org.eclipse.justj.openjdk.hotspot.jre.full.win32.x86_64_17.0.8.v20230831-1047\jre\bin\freetype.dll
Event: 0.491 Loaded shared library C:\Users\hamza\.p2\pool\plugins\org.eclipse.justj.openjdk.hotspot.jre.full.win32.x86_64_17.0.8.v20230831-1047\jre\bin\fontmanager.dll
Event: 0.523 Loaded shared library C:\Users\hamza\.p2\pool\plugins\org.eclipse.justj.openjdk.hotspot.jre.full.win32.x86_64_17.0.8.v20230831-1047\jre\bin\net.dll
Event: 0.525 Loaded shared library C:\Users\hamza\.p2\pool\plugins\org.eclipse.justj.openjdk.hotspot.jre.full.win32.x86_64_17.0.8.v20230831-1047\jre\bin\nio.dll

Deoptimization events (20 events):
Event: 7.260 Thread 0x000002a8d03e74d0 Uncommon trap: trap_request=0xffffff45 fr.pc=0x000002a8b851df18 relative=0x0000000000007b78
Event: 7.260 Thread 0x000002a8d03e74d0 Uncommon trap: reason=unstable_if action=reinterpret pc=0x000002a8b851df18 method=sun.java2d.loops.RenderCache.get(Lsun/java2d/loops/SurfaceType;Lsun/java2d/loops/CompositeType;Lsun/java2d/loops/SurfaceType;)Ljava/lang/Object; @ 29 c2
Event: 7.260 Thread 0x000002a8d03e74d0 DEOPT PACKING pc=0x000002a8b851df18 sp=0x000000db900fd210
Event: 7.260 Thread 0x000002a8d03e74d0 DEOPT UNPACKING pc=0x000002a8b7d069a3 sp=0x000000db900fcf78 mode 2
Event: 7.261 Thread 0x000002a8d03e74d0 Uncommon trap: trap_request=0xffffffde fr.pc=0x000002a8b85507c4 relative=0x0000000000000384
Event: 7.261 Thread 0x000002a8d03e74d0 Uncommon trap: reason=class_check action=maybe_recompile pc=0x000002a8b85507c4 method=sun.java2d.Disposer.add(Ljava/lang/Object;Lsun/java2d/DisposerRecord;)V @ 8 c2
Event: 7.261 Thread 0x000002a8d03e74d0 DEOPT PACKING pc=0x000002a8b85507c4 sp=0x000000db900fcab0
Event: 7.261 Thread 0x000002a8d03e74d0 DEOPT UNPACKING pc=0x000002a8b7d069a3 sp=0x000000db900fca68 mode 2
Event: 7.261 Thread 0x000002a8d03e74d0 Uncommon trap: trap_request=0xffffffde fr.pc=0x000002a8b84a7ca0 relative=0x0000000000001800
Event: 7.261 Thread 0x000002a8d03e74d0 Uncommon trap: reason=class_check action=maybe_recompile pc=0x000002a8b84a7ca0 method=sun.java2d.SunGraphics2D.drawHiDPIImage(Ljava/awt/Image;IIIIIIIILjava/awt/Color;Ljava/awt/image/ImageObserver;Ljava/awt/geom/AffineTransform;)Ljava/lang/Boolean; @ 373 c
Event: 7.261 Thread 0x000002a8d03e74d0 DEOPT PACKING pc=0x000002a8b84a7ca0 sp=0x000000db900fd900
Event: 7.261 Thread 0x000002a8d03e74d0 DEOPT UNPACKING pc=0x000002a8b7d069a3 sp=0x000000db900fd878 mode 2
Event: 7.261 Thread 0x000002a8d03e74d0 Uncommon trap: trap_request=0xffffffde fr.pc=0x000002a8b85429d0 relative=0x0000000000000690
Event: 7.261 Thread 0x000002a8d03e74d0 Uncommon trap: reason=class_check action=maybe_recompile pc=0x000002a8b85429d0 method=sun.awt.image.SurfaceManager.getImageScaleX(Ljava/awt/Image;)D @ 18 c2
Event: 7.261 Thread 0x000002a8d03e74d0 DEOPT PACKING pc=0x000002a8b85429d0 sp=0x000000db900fd660
Event: 7.261 Thread 0x000002a8d03e74d0 DEOPT UNPACKING pc=0x000002a8b7d069a3 sp=0x000000db900fd4d0 mode 2
Event: 7.265 Thread 0x000002a8d03e74d0 Uncommon trap: trap_request=0xffffff45 fr.pc=0x000002a8b8508498 relative=0x00000000000011b8
Event: 7.265 Thread 0x000002a8d03e74d0 Uncommon trap: reason=unstable_if action=reinterpret pc=0x000002a8b8508498 method=sun.java2d.d3d.D3DBlitLoops.createPackedParams(ZZZZII)I @ 12 c2
Event: 7.265 Thread 0x000002a8d03e74d0 DEOPT PACKING pc=0x000002a8b8508498 sp=0x000000db900fd160
Event: 7.265 Thread 0x000002a8d03e74d0 DEOPT UNPACKING pc=0x000002a8b7d069a3 sp=0x000000db900fd0c8 mode 2

Classes unloaded (0 events):
No events

Classes redefined (0 events):
No events

Internal exceptions (16 events):
Event: 0.140 Thread 0x000002a8ad1a5fd0 Exception <a 'java/lang/ClassNotFoundException'{0x00000007301a07d0}: sun/awt/resources/spi/awtProvider> (0x00000007301a07d0) 
thrown [s\src\hotspot\share\classfile\systemDictionary.cpp, line 256]
Event: 0.172 Thread 0x000002a8ad1a5fd0 Exception <a 'java/io/FileNotFoundException'{0x000000072fe37c20}> (0x000000072fe37c20) 
thrown [s\src\hotspot\share\prims\jni.cpp, line 516]
Event: 0.178 Thread 0x000002a8ad1a5fd0 Exception <a 'java/io/FileNotFoundException'{0x000000072fe64b98}> (0x000000072fe64b98) 
thrown [s\src\hotspot\share\prims\jni.cpp, line 516]
Event: 0.229 Thread 0x000002a8ad1a5fd0 Exception <a 'java/lang/NoSuchMethodError'{0x000000072feb5e58}: 'java.lang.Object java.lang.invoke.DirectMethodHandle$Holder.invokeStaticInit(java.lang.Object)'> (0x000000072feb5e58) 
thrown [s\src\hotspot\share\interpreter\linkResolver.cpp, line 759]
Event: 0.324 Thread 0x000002a8ad1a5fd0 Exception <a 'java/lang/NoSuchMethodError'{0x000000072ff714f8}: 'void java.lang.invoke.DirectMethodHandle$Holder.invokeSpecial(java.lang.Object, java.lang.Object, java.lang.Object)'> (0x000000072ff714f8) 
thrown [s\src\hotspot\share\interpreter\linkResolver.cpp, line 759]
Event: 0.333 Thread 0x000002a8ad1a5fd0 Exception <a 'java/lang/NoSuchMethodError'{0x000000072ff9b750}: 'java.lang.Object java.lang.invoke.DirectMethodHandle$Holder.newInvokeSpecial(java.lang.Object, java.lang.Object, java.lang.Object, java.lang.Object, java.lang.Object)'> (0x000000072ff9b750) 
thrown [s\src\hotspot\share\interpreter\linkResolver.cpp, line 759]
Event: 0.335 Thread 0x000002a8ad1a5fd0 Exception <a 'java/lang/NoSuchMethodError'{0x000000072ffa7118}: 'java.lang.Object java.lang.invoke.DirectMethodHandle$Holder.invokeStatic(java.lang.Object, int, java.lang.Object, java.lang.Object, java.lang.Object, java.lang.Object)'> (0x000000072ffa7118) 
thrown [s\src\hotspot\share\interpreter\linkResolver.cpp, line 759]
Event: 0.339 Thread 0x000002a8ad1a5fd0 Exception <a 'java/lang/NoSuchMethodError'{0x000000072ffccb30}: 'java.lang.Object java.lang.invoke.DirectMethodHandle$Holder.invokeStatic(java.lang.Object, int, java.lang.Object)'> (0x000000072ffccb30) 
thrown [s\src\hotspot\share\interpreter\linkResolver.cpp, line 759]
Event: 0.366 Thread 0x000002a8ad1a5fd0 Exception <a 'java/lang/ClassNotFoundException'{0x000000072fc85100}: com/sun/swing/internal/plaf/metal/resources/spi/metalProvider> (0x000000072fc85100) 
thrown [s\src\hotspot\share\classfile\systemDictionary.cpp, line 256]
Event: 0.367 Thread 0x000002a8ad1a5fd0 Exception <a 'java/lang/ClassNotFoundException'{0x000000072fc88f38}: com/sun/swing/internal/plaf/basic/resources/spi/basicProvider> (0x000000072fc88f38) 
thrown [s\src\hotspot\share\classfile\systemDictionary.cpp, line 256]
Event: 0.393 Thread 0x000002a8d03b89b0 Exception <a 'java/lang/NoSuchMethodError'{0x000000072fd014f0}: 'java.lang.Object java.lang.invoke.DirectMethodHandle$Holder.newInvokeSpecial(java.lang.Object, java.lang.Object, java.lang.Object, int, int, int, int, int)'> (0x000000072fd014f0) 
thrown [s\src\hotspot\share\interpreter\linkResolver.cpp, line 759]
Event: 0.466 Thread 0x000002a8d0105de0 Exception <a 'java/lang/NoSuchMethodError'{0x000000072fef21e8}: 'void java.lang.invoke.DirectMethodHandle$Holder.invokeVirtual(java.lang.Object, java.lang.Object)'> (0x000000072fef21e8) 
thrown [s\src\hotspot\share\interpreter\linkResolver.cpp, line 759]
Event: 0.485 Thread 0x000002a8ad1a5fd0 Exception <a 'java/lang/NoSuchMethodError'{0x000000072fcd5530}: 'void java.lang.invoke.DirectMethodHandle$Holder.invokeStaticInit(java.lang.Object)'> (0x000000072fcd5530) 
thrown [s\src\hotspot\share\interpreter\linkResolver.cpp, line 759]
Event: 3.799 Thread 0x000002a8d03e74d0 Implicit null exception at 0x000002a8b8469715 to 0x000002a8b846b8a0
Event: 7.252 Thread 0x000002a8d03e74d0 Implicit null exception at 0x000002a8b849d051 to 0x000002a8b849d30c
Event: 7.260 Thread 0x000002a8d03e74d0 Implicit null exception at 0x000002a8b8516ab2 to 0x000002a8b851de76

VM Operations (20 events):
Event: 0.628 Executing VM operation: HandshakeAllThreads
Event: 0.628 Executing VM operation: HandshakeAllThreads done
Event: 0.909 Executing VM operation: ICBufferFull
Event: 0.909 Executing VM operation: ICBufferFull done
Event: 1.742 Executing VM operation: G1CollectForAllocation
Event: 1.746 Executing VM operation: G1CollectForAllocation done
Event: 2.755 Executing VM operation: Cleanup
Event: 2.756 Executing VM operation: Cleanup done
Event: 3.768 Executing VM operation: Cleanup
Event: 3.768 Executing VM operation: Cleanup done
Event: 3.796 Executing VM operation: G1CollectForAllocation
Event: 3.799 Executing VM operation: G1CollectForAllocation done
Event: 4.810 Executing VM operation: Cleanup
Event: 4.810 Executing VM operation: Cleanup done
Event: 5.825 Executing VM operation: Cleanup
Event: 5.825 Executing VM operation: Cleanup done
Event: 6.838 Executing VM operation: Cleanup
Event: 6.838 Executing VM operation: Cleanup done
Event: 7.251 Executing VM operation: HandshakeAllThreads
Event: 7.251 Executing VM operation: HandshakeAllThreads done

Events (20 events):
Event: 3.121 Thread 0x000002a8cb72a8a0 Thread exited: 0x000002a8cb72a8a0
Event: 3.121 Thread 0x000002a8d072eab0 Thread exited: 0x000002a8d072eab0
Event: 3.122 loading class java/awt/image/BufferedImageOp
Event: 3.122 loading class java/awt/image/BufferedImageOp done
Event: 3.761 Thread 0x000002a8d07b4bf0 Thread exited: 0x000002a8d07b4bf0
Event: 4.100 Thread 0x000002a8d07eb7c0 Thread added: 0x000002a8d07eb7c0
Event: 4.226 Thread 0x000002a8d07eb7c0 Thread exited: 0x000002a8d07eb7c0
Event: 4.969 Thread 0x000002a8d07eb7c0 Thread added: 0x000002a8d07eb7c0
Event: 5.330 Thread 0x000002a8d07eb7c0 Thread exited: 0x000002a8d07eb7c0
Event: 5.452 Thread 0x000002a8d03b89b0 Thread exited: 0x000002a8d03b89b0
Event: 7.251 loading class sun/awt/image/BufferedImageDevice
Event: 7.251 loading class sun/awt/image/BufferedImageDevice done
Event: 7.252 loading class java/awt/GradientPaintContext
Event: 7.252 loading class java/awt/PaintContext
Event: 7.252 loading class java/awt/PaintContext done
Event: 7.252 loading class java/awt/GradientPaintContext done
Event: 7.252 loading class java/awt/geom/Point2D$Double
Event: 7.252 loading class java/awt/geom/Point2D$Double done
Event: 7.252 loading class sun/java2d/pipe/AlphaPaintPipe$TileContext
Event: 7.252 loading class sun/java2d/pipe/AlphaPaintPipe$TileContext done


Dynamic libraries:
0x00007ff652360000 - 0x00007ff65236e000 	C:\Users\hamza\.p2\pool\plugins\org.eclipse.justj.openjdk.hotspot.jre.full.win32.x86_64_17.0.8.v20230831-1047\jre\bin\javaw.exe
0x00007ffcade50000 - 0x00007ffcae067000 	C:\Windows\SYSTEM32\ntdll.dll
0x00007ffcac8b0000 - 0x00007ffcac974000 	C:\Windows\System32\KERNEL32.DLL
0x00007ffcab1d0000 - 0x00007ffcab576000 	C:\Windows\System32\KERNELBASE.dll
0x00007ffcab580000 - 0x00007ffcab691000 	C:\Windows\System32\ucrtbase.dll
0x00007ffc9ddd0000 - 0x00007ffc9dde7000 	C:\Users\hamza\.p2\pool\plugins\org.eclipse.justj.openjdk.hotspot.jre.full.win32.x86_64_17.0.8.v20230831-1047\jre\bin\jli.dll
0x00007ffc9dcb0000 - 0x00007ffc9dcc9000 	C:\Users\hamza\.p2\pool\plugins\org.eclipse.justj.openjdk.hotspot.jre.full.win32.x86_64_17.0.8.v20230831-1047\jre\bin\VCRUNTIME140.dll
0x00007ffcac6a0000 - 0x00007ffcac84d000 	C:\Windows\System32\USER32.dll
0x00007ffcab720000 - 0x00007ffcab746000 	C:\Windows\System32\win32u.dll
0x00007ffc87f80000 - 0x00007ffc88213000 	C:\Windows\WinSxS\amd64_microsoft.windows.common-controls_6595b64144ccf1df_6.0.22621.2361_none_2712ced57382f843\COMCTL32.dll
0x00007ffcac380000 - 0x00007ffcac3a9000 	C:\Windows\System32\GDI32.dll
0x00007ffcac570000 - 0x00007ffcac617000 	C:\Windows\System32\msvcrt.dll
0x00007ffcaba20000 - 0x00007ffcabb38000 	C:\Windows\System32\gdi32full.dll
0x00007ffcab980000 - 0x00007ffcaba1a000 	C:\Windows\System32\msvcp_win.dll
0x00007ffcaca10000 - 0x00007ffcaca41000 	C:\Windows\System32\IMM32.DLL
0x00007ffca5200000 - 0x00007ffca520c000 	C:\Users\hamza\.p2\pool\plugins\org.eclipse.justj.openjdk.hotspot.jre.full.win32.x86_64_17.0.8.v20230831-1047\jre\bin\vcruntime140_1.dll
0x00007ffc979a0000 - 0x00007ffc97a31000 	C:\Users\hamza\.p2\pool\plugins\org.eclipse.justj.openjdk.hotspot.jre.full.win32.x86_64_17.0.8.v20230831-1047\jre\bin\msvcp140.dll
0x00007ffbec530000 - 0x00007ffbed17c000 	C:\Users\hamza\.p2\pool\plugins\org.eclipse.justj.openjdk.hotspot.jre.full.win32.x86_64_17.0.8.v20230831-1047\jre\bin\server\jvm.dll
0x00007ffcad2b0000 - 0x00007ffcad360000 	C:\Windows\System32\ADVAPI32.dll
0x00007ffcabbb0000 - 0x00007ffcabc56000 	C:\Windows\System32\sechost.dll
0x00007ffcad510000 - 0x00007ffcad627000 	C:\Windows\System32\RPCRT4.dll
0x00007ffcaaef0000 - 0x00007ffcaaf3d000 	C:\Windows\SYSTEM32\POWRPROF.dll
0x00007ffc8c7e0000 - 0x00007ffc8c7e9000 	C:\Windows\SYSTEM32\WSOCK32.dll
0x00007ffca3080000 - 0x00007ffca30b4000 	C:\Windows\SYSTEM32\WINMM.dll
0x00007ffcac620000 - 0x00007ffcac691000 	C:\Windows\System32\WS2_32.dll
0x00007ffca19c0000 - 0x00007ffca19ca000 	C:\Windows\SYSTEM32\VERSION.dll
0x00007ffcaaed0000 - 0x00007ffcaaee3000 	C:\Windows\SYSTEM32\UMPDC.dll
0x00007ffcaa170000 - 0x00007ffcaa188000 	C:\Windows\SYSTEM32\kernel.appcore.dll
0x00007ffca7d40000 - 0x00007ffca7d4a000 	C:\Users\hamza\.p2\pool\plugins\org.eclipse.justj.openjdk.hotspot.jre.full.win32.x86_64_17.0.8.v20230831-1047\jre\bin\jimage.dll
0x00007ffca8d10000 - 0x00007ffca8f3e000 	C:\Windows\SYSTEM32\DBGHELP.DLL
0x00007ffcabc60000 - 0x00007ffcabfea000 	C:\Windows\System32\combase.dll
0x00007ffcad430000 - 0x00007ffcad507000 	C:\Windows\System32\OLEAUT32.dll
0x00007ffc91b40000 - 0x00007ffc91b72000 	C:\Windows\SYSTEM32\dbgcore.DLL
0x00007ffcab6a0000 - 0x00007ffcab71a000 	C:\Windows\System32\bcryptPrimitives.dll
0x00007ffca3300000 - 0x00007ffca3325000 	C:\Users\hamza\.p2\pool\plugins\org.eclipse.justj.openjdk.hotspot.jre.full.win32.x86_64_17.0.8.v20230831-1047\jre\bin\java.dll
0x00007ffca7d20000 - 0x00007ffca7d38000 	C:\Users\hamza\.p2\pool\plugins\org.eclipse.justj.openjdk.hotspot.jre.full.win32.x86_64_17.0.8.v20230831-1047\jre\bin\zip.dll
0x00007ffcaca50000 - 0x00007ffcad2a8000 	C:\Windows\System32\SHELL32.dll
0x00007ffca90e0000 - 0x00007ffca99d2000 	C:\Windows\SYSTEM32\windows.storage.dll
0x00007ffca8fa0000 - 0x00007ffca90de000 	C:\Windows\SYSTEM32\wintypes.dll
0x00007ffcac260000 - 0x00007ffcac353000 	C:\Windows\System32\SHCORE.dll
0x00007ffcac200000 - 0x00007ffcac25e000 	C:\Windows\System32\shlwapi.dll
0x00007ffcab100000 - 0x00007ffcab126000 	C:\Windows\SYSTEM32\profapi.dll
0x00007ffc561d0000 - 0x00007ffc5635e000 	C:\Users\hamza\.p2\pool\plugins\org.eclipse.justj.openjdk.hotspot.jre.full.win32.x86_64_17.0.8.v20230831-1047\jre\bin\awt.dll
0x00007ffca7e10000 - 0x00007ffca7ea7000 	C:\Windows\SYSTEM32\apphelp.dll
0x00007ffca8490000 - 0x00007ffca84bb000 	C:\Windows\system32\DWMAPI.DLL
0x00007ffca81a0000 - 0x00007ffca824b000 	C:\Windows\system32\uxtheme.dll
0x00007ffc83ba0000 - 0x00007ffc83ca0000 	C:\Windows\system32\opengl32.dll
0x00007ffc84780000 - 0x00007ffc847ad000 	C:\Windows\SYSTEM32\GLU32.dll
0x00007ffca8320000 - 0x00007ffca8356000 	C:\Windows\SYSTEM32\dxcore.dll
0x00007ffcadcc0000 - 0x00007ffcade0c000 	C:\Windows\System32\MSCTF.dll
0x00007ffcabff0000 - 0x00007ffcac18f000 	C:\Windows\System32\ole32.dll
0x00007ffc68640000 - 0x00007ffc687e9000 	C:\Windows\system32\d3d9.dll
0x00007ffc9f3b0000 - 0x00007ffc9f56b000 	C:\Windows\System32\DriverStore\FileRepository\u0389765.inf_amd64_e105cdb778e750f5\B389500\aticfx64.dll
0x00007ffc68600000 - 0x00007ffc68634000 	C:\Windows\System32\DriverStore\FileRepository\u0389765.inf_amd64_e105cdb778e750f5\B389500\atiu9p64.dll
0x00007ffc678a0000 - 0x00007ffc685f5000 	C:\Windows\System32\DriverStore\FileRepository\u0389765.inf_amd64_e105cdb778e750f5\B389500\atiumd64.dll
0x000000006bf80000 - 0x000000006cea8000 	C:\Windows\System32\DriverStore\FileRepository\u0389765.inf_amd64_e105cdb778e750f5\B389500\atiumd6a.dll
0x00007ffcad6b0000 - 0x00007ffcadb24000 	C:\Windows\System32\SETUPAPI.dll
0x00007ffcaaaa0000 - 0x00007ffcaaac8000 	C:\Windows\SYSTEM32\bcrypt.dll
0x00007ffc9f1a0000 - 0x00007ffc9f1d5000 	C:\Windows\SYSTEM32\amdihk64.dll
0x00007ffca3ee0000 - 0x00007ffca3f2a000 	C:\Windows\SYSTEM32\directxdatabasehelper.dll
0x00007ffc97910000 - 0x00007ffc97996000 	C:\Users\hamza\.p2\pool\plugins\org.eclipse.justj.openjdk.hotspot.jre.full.win32.x86_64_17.0.8.v20230831-1047\jre\bin\freetype.dll
0x00007ffc7bef0000 - 0x00007ffc7bfc3000 	C:\Users\hamza\.p2\pool\plugins\org.eclipse.justj.openjdk.hotspot.jre.full.win32.x86_64_17.0.8.v20230831-1047\jre\bin\fontmanager.dll
0x00007ffca61b0000 - 0x00007ffca61c9000 	C:\Users\hamza\.p2\pool\plugins\org.eclipse.justj.openjdk.hotspot.jre.full.win32.x86_64_17.0.8.v20230831-1047\jre\bin\net.dll
0x00007ffca3350000 - 0x00007ffca3487000 	C:\Windows\SYSTEM32\WINHTTP.dll
0x00007ffcaa640000 - 0x00007ffcaa6a9000 	C:\Windows\system32\mswsock.dll
0x00007ffc8efc0000 - 0x00007ffc8efd5000 	C:\Users\hamza\.p2\pool\plugins\org.eclipse.justj.openjdk.hotspot.jre.full.win32.x86_64_17.0.8.v20230831-1047\jre\bin\nio.dll
0x00007ffca1ab0000 - 0x00007ffca1bfa000 	C:\Windows\SYSTEM32\textinputframework.dll
0x00007ffc7e3c0000 - 0x00007ffc7e429000 	C:\Windows\system32\Oleacc.dll
0x00007ffca7a40000 - 0x00007ffca7b73000 	C:\Windows\SYSTEM32\CoreMessaging.dll
0x00007ffca3490000 - 0x00007ffca37fc000 	C:\Windows\SYSTEM32\CoreUIComponents.dll
0x00007ffcaa940000 - 0x00007ffcaa94c000 	C:\Windows\SYSTEM32\CRYPTBASE.DLL

dbghelp: loaded successfully - version: 4.0.5 - missing functions: none
symbol engine: initialized successfully - sym options: 0x614 - pdb path: .;C:\Users\hamza\.p2\pool\plugins\org.eclipse.justj.openjdk.hotspot.jre.full.win32.x86_64_17.0.8.v20230831-1047\jre\bin;C:\Windows\SYSTEM32;C:\Windows\WinSxS\amd64_microsoft.windows.common-controls_6595b64144ccf1df_6.0.22621.2361_none_2712ced57382f843;C:\Users\hamza\.p2\pool\plugins\org.eclipse.justj.openjdk.hotspot.jre.full.win32.x86_64_17.0.8.v20230831-1047\jre\bin\server;C:\Windows\System32\DriverStore\FileRepository\u0389765.inf_amd64_e105cdb778e750f5\B389500

VM Arguments:
jvm_args: -Dfile.encoding=windows-1252 -XX:+ShowCodeDetailsInExceptionMessages 
java_command: resultsFrame
java_class_path (initial): C:\Users\hamza\OneDrive - Peel District School Board\Campos4\Unit2_GUI\bin
Launcher Type: SUN_STANDARD

[Global flags]
     intx CICompilerCount                          = 12                                        {product} {ergonomic}
     uint ConcGCThreads                            = 3                                         {product} {ergonomic}
     uint G1ConcRefinementThreads                  = 13                                        {product} {ergonomic}
   size_t G1HeapRegionSize                         = 2097152                                   {product} {ergonomic}
    uintx GCDrainStackTargetSize                   = 64                                        {product} {ergonomic}
   size_t InitialHeapSize                          = 232783872                                 {product} {ergonomic}
   size_t MarkStackSize                            = 4194304                                   {product} {ergonomic}
   size_t MaxHeapSize                              = 3720347648                                {product} {ergonomic}
   size_t MaxNewSize                               = 2231369728                                {product} {ergonomic}
   size_t MinHeapDeltaBytes                        = 2097152                                   {product} {ergonomic}
   size_t MinHeapSize                              = 8388608                                   {product} {ergonomic}
    uintx NonNMethodCodeHeapSize                   = 7602480                                {pd product} {ergonomic}
    uintx NonProfiledCodeHeapSize                  = 122027880                              {pd product} {ergonomic}
    uintx ProfiledCodeHeapSize                     = 122027880                              {pd product} {ergonomic}
    uintx ReservedCodeCacheSize                    = 251658240                              {pd product} {ergonomic}
     bool SegmentedCodeCache                       = true                                      {product} {ergonomic}
     bool ShowCodeDetailsInExceptionMessages       = true                                   {manageable} {command line}
   size_t SoftMaxHeapSize                          = 3720347648                             {manageable} {ergonomic}
     bool UseCompressedClassPointers               = true                           {product lp64_product} {ergonomic}
     bool UseCompressedOops                        = true                           {product lp64_product} {ergonomic}
     bool UseG1GC                                  = true                                      {product} {ergonomic}
     bool UseLargePagesIndividualAllocation        = false                                  {pd product} {ergonomic}

Logging:
Log output configuration:
 #0: stdout all=warning uptime,level,tags
 #1: stderr all=off uptime,level,tags

Environment Variables:
PATH=C:/Users/hamza/.p2/pool/plugins/org.eclipse.justj.openjdk.hotspot.jre.full.win32.x86_64_17.0.8.v20230831-1047/jre/bin/server;C:/Users/hamza/.p2/pool/plugins/org.eclipse.justj.openjdk.hotspot.jre.full.win32.x86_64_17.0.8.v20230831-1047/jre/bin;C:\Windows\system32;C:\Windows;C:\Windows\System32\Wbem;C:\Windows\System32\WindowsPowerShell\v1.0\;C:\Windows\System32\OpenSSH\;C:\Users\hamza\AppData\Local\Microsoft\WindowsApps;;C:\Windows\system32;
USERNAME=hamza
OS=Windows_NT
PROCESSOR_IDENTIFIER=AMD64 Family 25 Model 80 Stepping 0, AuthenticAMD
TMP=C:\Users\hamza\AppData\Local\Temp
TEMP=C:\Users\hamza\AppData\Local\Temp



---------------  S Y S T E M  ---------------

OS:
 Windows 11 , 64 bit Build 22621 (10.0.22621.2428)
OS uptime: 3 days 0:36 hours
Hyper-V role detected

CPU: total 16 (initial active 16) (16 cores per cpu, 2 threads per core) family 25 model 80 stepping 0 microcode 0x0, cx8, cmov, fxsr, ht, mmx, 3dnowpref, sse, sse2, sse3, ssse3, sse4a, sse4.1, sse4.2, popcnt, lzcnt, tsc, tscinvbit, avx, avx2, aes, erms, clmul, bmi1, bmi2, adx, sha, fma, vzeroupper, clflush, clflushopt, hv
Processor Information for all 16 processors :
  Max Mhz: 2000, Current Mhz: 2000, Mhz Limit: 2000

Memory: 4k page, system-wide physical 14188M (334M free)
TotalPageFile size 57196M (AvailPageFile size 0M)
current process WorkingSet (physical memory assigned to process): 181M, peak: 206M
current process commit charge ("private bytes"): 906M, peak: 909M

vm_info: OpenJDK 64-Bit Server VM (17.0.8.1+1) for windows-amd64 JRE (17.0.8.1+1), built on Aug 23 2023 15:29:17 by "admin" with MS VC++ 16.7 (VS2019)

END.
