#
# There is insufficient memory for the Java Runtime Environment to continue.
# Native memory allocation (malloc) failed to allocate 722672 bytes for Chunk::new
# Possible reasons:
#   The system is out of physical RAM or swap space
#   The process is running with CompressedOops enabled, and the Java Heap may be blocking the growth of the native heap
# Possible solutions:
#   Reduce memory load on the system
#   Increase physical memory or swap space
#   Check if swap backing store is full
#   Decrease Java heap size (-Xmx/-Xms)
#   Decrease number of Java threads
#   Decrease Java thread stack sizes (-Xss)
#   Set larger code cache with -XX:ReservedCodeCacheSize=
#   JVM is running with Zero Based Compressed Oops mode in which the Java heap is
#     placed in the first 32GB address space. The Java Heap base address is the
#     maximum limit for the native heap growth. Please use -XX:HeapBaseMinAddress
#     to set the Java Heap base and to place the Java Heap above 32GB virtual address.
# This output file may be truncated or incomplete.
#
#  Out of Memory Error (arena.cpp:189), pid=24800, tid=14264
#
# JRE version: OpenJDK Runtime Environment Temurin-17.0.8.1+1 (17.0.8.1+1) (build 17.0.8.1+1)
# Java VM: OpenJDK 64-Bit Server VM Temurin-17.0.8.1+1 (17.0.8.1+1, mixed mode, tiered, compressed oops, compressed class ptrs, g1 gc, windows-amd64)
# No core dump will be written. Minidumps are not enabled by default on client versions of Windows
#

---------------  S U M M A R Y ------------

Command Line: -Dfile.encoding=windows-1252 -XX:+ShowCodeDetailsInExceptionMessages resultsFrame

Host: AMD Ryzen 7 5825U with Radeon Graphics         , 16 cores, 13G,  Windows 11 , 64 bit Build 22621 (10.0.22621.2428)
Time: Tue Nov 14 21:28:53 2023 Eastern Standard Time elapsed time: 7.139613 seconds (0d 0h 0m 7s)

---------------  T H R E A D  ---------------

Current thread (0x000001cd741fc270):  JavaThread "C2 CompilerThread0" daemon [_thread_in_native, id=14264, stack(0x000000be90300000,0x000000be90400000)]


Current CompileTask:
C2:   7139 2009       4       sun.java2d.SunGraphics2D::<init> (154 bytes)

Stack: [0x000000be90300000,0x000000be90400000]
Native frames: (J=compiled Java code, j=interpreted, Vv=VM code, C=native code)
V  [jvm.dll+0x678b0a]
V  [jvm.dll+0x835e84]
V  [jvm.dll+0x83762e]
V  [jvm.dll+0x837c93]
V  [jvm.dll+0x24746f]
V  [jvm.dll+0xac20c]
V  [jvm.dll+0xac7dc]
V  [jvm.dll+0x365ca7]
V  [jvm.dll+0x3301a1]
V  [jvm.dll+0x32f64a]
V  [jvm.dll+0x219bf1]
V  [jvm.dll+0x219011]
V  [jvm.dll+0x1a534d]
V  [jvm.dll+0x228d8a]
V  [jvm.dll+0x226dcc]
V  [jvm.dll+0x7ec09b]
V  [jvm.dll+0x7e64ca]
V  [jvm.dll+0x677955]
C  [ucrtbase.dll+0x29363]
C  [KERNEL32.DLL+0x1257d]
C  [ntdll.dll+0x5aa78]


---------------  P R O C E S S  ---------------

Threads class SMR info:
_java_thread_list=0x000001cd0998f180, length=18, elements={
0x000001cd74190050, 0x000001cd74190de0, 0x000001cd741de590, 0x000001cd741def60,
0x000001cd741e44f0, 0x000001cd741e5560, 0x000001cd741fc270, 0x000001cd741fef40,
0x000001cd742007d0, 0x000001cd74355a20, 0x000001cd743729f0, 0x000001cd74773fb0,
0x000001cd74774490, 0x000001cd74774970, 0x000001cd74bad6e0, 0x000001cd74c8e810,
0x000001cd74c8d3d0, 0x000001cd0e057030
}

Java Threads: ( => current thread )
  0x000001cd74190050 JavaThread "Reference Handler" daemon [_thread_blocked, id=24592, stack(0x000000be8fd00000,0x000000be8fe00000)]
  0x000001cd74190de0 JavaThread "Finalizer" daemon [_thread_blocked, id=5372, stack(0x000000be8fe00000,0x000000be8ff00000)]
  0x000001cd741de590 JavaThread "Signal Dispatcher" daemon [_thread_blocked, id=11248, stack(0x000000be8ff00000,0x000000be90000000)]
  0x000001cd741def60 JavaThread "Attach Listener" daemon [_thread_blocked, id=34624, stack(0x000000be90000000,0x000000be90100000)]
  0x000001cd741e44f0 JavaThread "Service Thread" daemon [_thread_blocked, id=31464, stack(0x000000be90100000,0x000000be90200000)]
  0x000001cd741e5560 JavaThread "Monitor Deflation Thread" daemon [_thread_blocked, id=31424, stack(0x000000be90200000,0x000000be90300000)]
=>0x000001cd741fc270 JavaThread "C2 CompilerThread0" daemon [_thread_in_native, id=14264, stack(0x000000be90300000,0x000000be90400000)]
  0x000001cd741fef40 JavaThread "C1 CompilerThread0" daemon [_thread_blocked, id=3820, stack(0x000000be90400000,0x000000be90500000)]
  0x000001cd742007d0 JavaThread "Sweeper thread" daemon [_thread_blocked, id=3976, stack(0x000000be90500000,0x000000be90600000)]
  0x000001cd74355a20 JavaThread "Notification Thread" daemon [_thread_blocked, id=31588, stack(0x000000be90800000,0x000000be90900000)]
  0x000001cd743729f0 JavaThread "Common-Cleaner" daemon [_thread_blocked, id=19084, stack(0x000000be90a00000,0x000000be90b00000)]
  0x000001cd74773fb0 JavaThread "Java2D Disposer" daemon [_thread_blocked, id=16576, stack(0x000000be90b00000,0x000000be90c00000)]
  0x000001cd74774490 JavaThread "AWT-Shutdown" [_thread_blocked, id=6824, stack(0x000000be90c00000,0x000000be90d00000)]
  0x000001cd74774970 JavaThread "AWT-Windows" daemon [_thread_in_native, id=7848, stack(0x000000be90d00000,0x000000be90e00000)]
  0x000001cd74bad6e0 JavaThread "AWT-EventQueue-0" [_thread_in_native, id=26816, stack(0x000000be91b00000,0x000000be91c00000)]
  0x000001cd74c8e810 JavaThread "DestroyJavaVM" [_thread_blocked, id=2856, stack(0x000000be8f600000,0x000000be8f700000)]
  0x000001cd74c8d3d0 JavaThread "D3D Screen Updater" daemon [_thread_blocked, id=25756, stack(0x000000be91c00000,0x000000be91d00000)]
  0x000001cd0e057030 JavaThread "C2 CompilerThread1" daemon [_thread_in_native, id=33108, stack(0x000000be90600000,0x000000be90700000)]

Other Threads:
  0x000001cd7415e000 VMThread "VM Thread" [stack: 0x000000be8fc00000,0x000000be8fd00000] [id=8224]
  0x000001cd74358b20 WatcherThread [stack: 0x000000be90900000,0x000000be90a00000] [id=26644]
  0x000001cd55ef88c0 GCTaskThread "GC Thread#0" [stack: 0x000000be8f700000,0x000000be8f800000] [id=31584]
  0x000001cd001ba2e0 GCTaskThread "GC Thread#1" [stack: 0x000000be91f00000,0x000000be92000000] [id=34308]
  0x000001cd001ba5a0 GCTaskThread "GC Thread#2" [stack: 0x000000be92000000,0x000000be92100000] [id=10092]
  0x000001cd005203a0 GCTaskThread "GC Thread#3" [stack: 0x000000be92100000,0x000000be92200000] [id=14248]
  0x000001cd00520660 GCTaskThread "GC Thread#4" [stack: 0x000000be92200000,0x000000be92300000] [id=12564]
  0x000001cd00521130 GCTaskThread "GC Thread#5" [stack: 0x000000be92300000,0x000000be92400000] [id=33584]
  0x000001cd002038c0 GCTaskThread "GC Thread#6" [stack: 0x000000be92400000,0x000000be92500000] [id=34100]
  0x000001cd00203b80 GCTaskThread "GC Thread#7" [stack: 0x000000be92500000,0x000000be92600000] [id=31420]
  0x000001cd74d27c40 GCTaskThread "GC Thread#8" [stack: 0x000000be91d00000,0x000000be91e00000] [id=21992]
  0x000001cd55f07d70 ConcurrentGCThread "G1 Main Marker" [stack: 0x000000be8f800000,0x000000be8f900000] [id=28844]
  0x000001cd55f08780 ConcurrentGCThread "G1 Conc#0" [stack: 0x000000be8f900000,0x000000be8fa00000] [id=22680]
  0x000001cd55f4e6e0 ConcurrentGCThread "G1 Refine#0" [stack: 0x000000be8fa00000,0x000000be8fb00000] [id=32568]
  0x000001cd73fe22d0 ConcurrentGCThread "G1 Service" [stack: 0x000000be8fb00000,0x000000be8fc00000] [id=32272]

Threads with active compile tasks:
C2 CompilerThread0     7165 2009       4       sun.java2d.SunGraphics2D::<init> (154 bytes)
C2 CompilerThread1     7165 2015       4       sun.java2d.d3d.D3DSurfaceData::validatePipe (385 bytes)

VM state: not at safepoint (normal execution)

VM Mutex/Monitor currently owned by a thread: None

Heap address: 0x0000000722400000, size: 3548 MB, Compressed Oops mode: Zero based, Oop shift amount: 3

CDS archive(s) not mapped
Compressed class space mapped at: 0x0000000800000000-0x0000000840000000, reserved size: 1073741824
Narrow klass base: 0x0000000800000000, Narrow klass shift: 0, Narrow klass range: 0x40000000

GC Precious Log:
 CPUs: 16 total, 16 available
 Memory: 14188M
 Large Page Support: Disabled
 NUMA Support: Disabled
 Compressed Oops: Enabled (Zero based)
 Heap Region Size: 2M
 Heap Min Capacity: 8M
 Heap Initial Capacity: 222M
 Heap Max Capacity: 3548M
 Pre-touch: Disabled
 Parallel Workers: 13
 Concurrent Workers: 3
 Concurrent Refinement Workers: 13
 Periodic GC: Disabled

Heap:
 garbage-first heap   total 227328K, used 51260K [0x0000000722400000, 0x0000000800000000)
  region size 2048K, 25 young (51200K), 2 survivors (4096K)
 Metaspace       used 13669K, committed 13888K, reserved 1114112K
  class space    used 1323K, committed 1472K, reserved 1048576K

Heap Regions: E=young(eden), S=young(survivor), O=old, HS=humongous(starts), HC=humongous(continues), CS=collection set, F=free, OA=open archive, CA=closed archive, TAMS=top-at-mark-start (previous, next)
|   0|0x0000000722400000, 0x0000000722600000, 0x0000000722600000|100%|HS|  |TAMS 0x0000000722400000, 0x0000000722400000| Complete 
|   1|0x0000000722600000, 0x0000000722800000, 0x0000000722800000|100%|HC|  |TAMS 0x0000000722600000, 0x0000000722600000| Complete 
|   2|0x0000000722800000, 0x0000000722800000, 0x0000000722a00000|  0%| F|  |TAMS 0x0000000722800000, 0x0000000722800000| Untracked 
|   3|0x0000000722a00000, 0x0000000722a00000, 0x0000000722c00000|  0%| F|  |TAMS 0x0000000722a00000, 0x0000000722a00000| Untracked 
|   4|0x0000000722c00000, 0x0000000722c00000, 0x0000000722e00000|  0%| F|  |TAMS 0x0000000722c00000, 0x0000000722c00000| Untracked 
|   5|0x0000000722e00000, 0x0000000722e00000, 0x0000000723000000|  0%| F|  |TAMS 0x0000000722e00000, 0x0000000722e00000| Untracked 
|   6|0x0000000723000000, 0x0000000723000000, 0x0000000723200000|  0%| F|  |TAMS 0x0000000723000000, 0x0000000723000000| Untracked 
|   7|0x0000000723200000, 0x0000000723200000, 0x0000000723400000|  0%| F|  |TAMS 0x0000000723200000, 0x0000000723200000| Untracked 
|   8|0x0000000723400000, 0x0000000723400000, 0x0000000723600000|  0%| F|  |TAMS 0x0000000723400000, 0x0000000723400000| Untracked 
|   9|0x0000000723600000, 0x0000000723600000, 0x0000000723800000|  0%| F|  |TAMS 0x0000000723600000, 0x0000000723600000| Untracked 
|  10|0x0000000723800000, 0x0000000723800000, 0x0000000723a00000|  0%| F|  |TAMS 0x0000000723800000, 0x0000000723800000| Untracked 
|  11|0x0000000723a00000, 0x0000000723a00000, 0x0000000723c00000|  0%| F|  |TAMS 0x0000000723a00000, 0x0000000723a00000| Untracked 
|  12|0x0000000723c00000, 0x0000000723c00000, 0x0000000723e00000|  0%| F|  |TAMS 0x0000000723c00000, 0x0000000723c00000| Untracked 
|  13|0x0000000723e00000, 0x0000000723e00000, 0x0000000724000000|  0%| F|  |TAMS 0x0000000723e00000, 0x0000000723e00000| Untracked 
|  14|0x0000000724000000, 0x0000000724000000, 0x0000000724200000|  0%| F|  |TAMS 0x0000000724000000, 0x0000000724000000| Untracked 
|  15|0x0000000724200000, 0x0000000724200000, 0x0000000724400000|  0%| F|  |TAMS 0x0000000724200000, 0x0000000724200000| Untracked 
|  16|0x0000000724400000, 0x0000000724400000, 0x0000000724600000|  0%| F|  |TAMS 0x0000000724400000, 0x0000000724400000| Untracked 
|  17|0x0000000724600000, 0x0000000724600000, 0x0000000724800000|  0%| F|  |TAMS 0x0000000724600000, 0x0000000724600000| Untracked 
|  18|0x0000000724800000, 0x0000000724800000, 0x0000000724a00000|  0%| F|  |TAMS 0x0000000724800000, 0x0000000724800000| Untracked 
|  19|0x0000000724a00000, 0x0000000724a00000, 0x0000000724c00000|  0%| F|  |TAMS 0x0000000724a00000, 0x0000000724a00000| Untracked 
|  20|0x0000000724c00000, 0x0000000724c00000, 0x0000000724e00000|  0%| F|  |TAMS 0x0000000724c00000, 0x0000000724c00000| Untracked 
|  21|0x0000000724e00000, 0x0000000724e00000, 0x0000000725000000|  0%| F|  |TAMS 0x0000000724e00000, 0x0000000724e00000| Untracked 
|  22|0x0000000725000000, 0x0000000725000000, 0x0000000725200000|  0%| F|  |TAMS 0x0000000725000000, 0x0000000725000000| Untracked 
|  23|0x0000000725200000, 0x0000000725200000, 0x0000000725400000|  0%| F|  |TAMS 0x0000000725200000, 0x0000000725200000| Untracked 
|  24|0x0000000725400000, 0x0000000725400000, 0x0000000725600000|  0%| F|  |TAMS 0x0000000725400000, 0x0000000725400000| Untracked 
|  25|0x0000000725600000, 0x0000000725600000, 0x0000000725800000|  0%| F|  |TAMS 0x0000000725600000, 0x0000000725600000| Untracked 
|  26|0x0000000725800000, 0x0000000725800000, 0x0000000725a00000|  0%| F|  |TAMS 0x0000000725800000, 0x0000000725800000| Untracked 
|  27|0x0000000725a00000, 0x0000000725a00000, 0x0000000725c00000|  0%| F|  |TAMS 0x0000000725a00000, 0x0000000725a00000| Untracked 
|  28|0x0000000725c00000, 0x0000000725c00000, 0x0000000725e00000|  0%| F|  |TAMS 0x0000000725c00000, 0x0000000725c00000| Untracked 
|  29|0x0000000725e00000, 0x0000000725e00000, 0x0000000726000000|  0%| F|  |TAMS 0x0000000725e00000, 0x0000000725e00000| Untracked 
|  30|0x0000000726000000, 0x0000000726000000, 0x0000000726200000|  0%| F|  |TAMS 0x0000000726000000, 0x0000000726000000| Untracked 
|  31|0x0000000726200000, 0x0000000726200000, 0x0000000726400000|  0%| F|  |TAMS 0x0000000726200000, 0x0000000726200000| Untracked 
|  32|0x0000000726400000, 0x0000000726400000, 0x0000000726600000|  0%| F|  |TAMS 0x0000000726400000, 0x0000000726400000| Untracked 
|  33|0x0000000726600000, 0x0000000726600000, 0x0000000726800000|  0%| F|  |TAMS 0x0000000726600000, 0x0000000726600000| Untracked 
|  34|0x0000000726800000, 0x0000000726800000, 0x0000000726a00000|  0%| F|  |TAMS 0x0000000726800000, 0x0000000726800000| Untracked 
|  35|0x0000000726a00000, 0x0000000726a00000, 0x0000000726c00000|  0%| F|  |TAMS 0x0000000726a00000, 0x0000000726a00000| Untracked 
|  36|0x0000000726c00000, 0x0000000726c00000, 0x0000000726e00000|  0%| F|  |TAMS 0x0000000726c00000, 0x0000000726c00000| Untracked 
|  37|0x0000000726e00000, 0x0000000726e00000, 0x0000000727000000|  0%| F|  |TAMS 0x0000000726e00000, 0x0000000726e00000| Untracked 
|  38|0x0000000727000000, 0x0000000727000000, 0x0000000727200000|  0%| F|  |TAMS 0x0000000727000000, 0x0000000727000000| Untracked 
|  39|0x0000000727200000, 0x0000000727200000, 0x0000000727400000|  0%| F|  |TAMS 0x0000000727200000, 0x0000000727200000| Untracked 
|  40|0x0000000727400000, 0x0000000727400000, 0x0000000727600000|  0%| F|  |TAMS 0x0000000727400000, 0x0000000727400000| Untracked 
|  41|0x0000000727600000, 0x0000000727600000, 0x0000000727800000|  0%| F|  |TAMS 0x0000000727600000, 0x0000000727600000| Untracked 
|  42|0x0000000727800000, 0x0000000727800000, 0x0000000727a00000|  0%| F|  |TAMS 0x0000000727800000, 0x0000000727800000| Untracked 
|  43|0x0000000727a00000, 0x0000000727a00000, 0x0000000727c00000|  0%| F|  |TAMS 0x0000000727a00000, 0x0000000727a00000| Untracked 
|  44|0x0000000727c00000, 0x0000000727c00000, 0x0000000727e00000|  0%| F|  |TAMS 0x0000000727c00000, 0x0000000727c00000| Untracked 
|  45|0x0000000727e00000, 0x0000000727e00000, 0x0000000728000000|  0%| F|  |TAMS 0x0000000727e00000, 0x0000000727e00000| Untracked 
|  46|0x0000000728000000, 0x0000000728000000, 0x0000000728200000|  0%| F|  |TAMS 0x0000000728000000, 0x0000000728000000| Untracked 
|  47|0x0000000728200000, 0x0000000728200000, 0x0000000728400000|  0%| F|  |TAMS 0x0000000728200000, 0x0000000728200000| Untracked 
|  48|0x0000000728400000, 0x0000000728400000, 0x0000000728600000|  0%| F|  |TAMS 0x0000000728400000, 0x0000000728400000| Untracked 
|  49|0x0000000728600000, 0x0000000728600000, 0x0000000728800000|  0%| F|  |TAMS 0x0000000728600000, 0x0000000728600000| Untracked 
|  50|0x0000000728800000, 0x0000000728800000, 0x0000000728a00000|  0%| F|  |TAMS 0x0000000728800000, 0x0000000728800000| Untracked 
|  51|0x0000000728a00000, 0x0000000728a00000, 0x0000000728c00000|  0%| F|  |TAMS 0x0000000728a00000, 0x0000000728a00000| Untracked 
|  52|0x0000000728c00000, 0x0000000728c00000, 0x0000000728e00000|  0%| F|  |TAMS 0x0000000728c00000, 0x0000000728c00000| Untracked 
|  53|0x0000000728e00000, 0x0000000728e00000, 0x0000000729000000|  0%| F|  |TAMS 0x0000000728e00000, 0x0000000728e00000| Untracked 
|  54|0x0000000729000000, 0x0000000729000000, 0x0000000729200000|  0%| F|  |TAMS 0x0000000729000000, 0x0000000729000000| Untracked 
|  55|0x0000000729200000, 0x0000000729200000, 0x0000000729400000|  0%| F|  |TAMS 0x0000000729200000, 0x0000000729200000| Untracked 
|  56|0x0000000729400000, 0x0000000729400000, 0x0000000729600000|  0%| F|  |TAMS 0x0000000729400000, 0x0000000729400000| Untracked 
|  57|0x0000000729600000, 0x0000000729600000, 0x0000000729800000|  0%| F|  |TAMS 0x0000000729600000, 0x0000000729600000| Untracked 
|  58|0x0000000729800000, 0x0000000729800000, 0x0000000729a00000|  0%| F|  |TAMS 0x0000000729800000, 0x0000000729800000| Untracked 
|  59|0x0000000729a00000, 0x0000000729a00000, 0x0000000729c00000|  0%| F|  |TAMS 0x0000000729a00000, 0x0000000729a00000| Untracked 
|  60|0x0000000729c00000, 0x0000000729c00000, 0x0000000729e00000|  0%| F|  |TAMS 0x0000000729c00000, 0x0000000729c00000| Untracked 
|  61|0x0000000729e00000, 0x0000000729e00000, 0x000000072a000000|  0%| F|  |TAMS 0x0000000729e00000, 0x0000000729e00000| Untracked 
|  62|0x000000072a000000, 0x000000072a000000, 0x000000072a200000|  0%| F|  |TAMS 0x000000072a000000, 0x000000072a000000| Untracked 
|  63|0x000000072a200000, 0x000000072a200000, 0x000000072a400000|  0%| F|  |TAMS 0x000000072a200000, 0x000000072a200000| Untracked 
|  64|0x000000072a400000, 0x000000072a400000, 0x000000072a600000|  0%| F|  |TAMS 0x000000072a400000, 0x000000072a400000| Untracked 
|  65|0x000000072a600000, 0x000000072a600000, 0x000000072a800000|  0%| F|  |TAMS 0x000000072a600000, 0x000000072a600000| Untracked 
|  66|0x000000072a800000, 0x000000072a800000, 0x000000072aa00000|  0%| F|  |TAMS 0x000000072a800000, 0x000000072a800000| Untracked 
|  67|0x000000072aa00000, 0x000000072aa00000, 0x000000072ac00000|  0%| F|  |TAMS 0x000000072aa00000, 0x000000072aa00000| Untracked 
|  68|0x000000072ac00000, 0x000000072ac00000, 0x000000072ae00000|  0%| F|  |TAMS 0x000000072ac00000, 0x000000072ac00000| Untracked 
|  69|0x000000072ae00000, 0x000000072ae00000, 0x000000072b000000|  0%| F|  |TAMS 0x000000072ae00000, 0x000000072ae00000| Untracked 
|  70|0x000000072b000000, 0x000000072b000000, 0x000000072b200000|  0%| F|  |TAMS 0x000000072b000000, 0x000000072b000000| Untracked 
|  71|0x000000072b200000, 0x000000072b200000, 0x000000072b400000|  0%| F|  |TAMS 0x000000072b200000, 0x000000072b200000| Untracked 
|  72|0x000000072b400000, 0x000000072b400000, 0x000000072b600000|  0%| F|  |TAMS 0x000000072b400000, 0x000000072b400000| Untracked 
|  73|0x000000072b600000, 0x000000072b600000, 0x000000072b800000|  0%| F|  |TAMS 0x000000072b600000, 0x000000072b600000| Untracked 
|  74|0x000000072b800000, 0x000000072b800000, 0x000000072ba00000|  0%| F|  |TAMS 0x000000072b800000, 0x000000072b800000| Untracked 
|  75|0x000000072ba00000, 0x000000072ba00000, 0x000000072bc00000|  0%| F|  |TAMS 0x000000072ba00000, 0x000000072ba00000| Untracked 
|  76|0x000000072bc00000, 0x000000072bc00000, 0x000000072be00000|  0%| F|  |TAMS 0x000000072bc00000, 0x000000072bc00000| Untracked 
|  77|0x000000072be00000, 0x000000072be00000, 0x000000072c000000|  0%| F|  |TAMS 0x000000072be00000, 0x000000072be00000| Untracked 
|  78|0x000000072c000000, 0x000000072c000000, 0x000000072c200000|  0%| F|  |TAMS 0x000000072c000000, 0x000000072c000000| Untracked 
|  79|0x000000072c200000, 0x000000072c200000, 0x000000072c400000|  0%| F|  |TAMS 0x000000072c200000, 0x000000072c200000| Untracked 
|  80|0x000000072c400000, 0x000000072c400000, 0x000000072c600000|  0%| F|  |TAMS 0x000000072c400000, 0x000000072c400000| Untracked 
|  81|0x000000072c600000, 0x000000072c600000, 0x000000072c800000|  0%| F|  |TAMS 0x000000072c600000, 0x000000072c600000| Untracked 
|  82|0x000000072c800000, 0x000000072c800000, 0x000000072ca00000|  0%| F|  |TAMS 0x000000072c800000, 0x000000072c800000| Untracked 
|  83|0x000000072ca00000, 0x000000072ca00000, 0x000000072cc00000|  0%| F|  |TAMS 0x000000072ca00000, 0x000000072ca00000| Untracked 
|  84|0x000000072cc00000, 0x000000072cc00000, 0x000000072ce00000|  0%| F|  |TAMS 0x000000072cc00000, 0x000000072cc00000| Untracked 
|  85|0x000000072ce00000, 0x000000072ce00000, 0x000000072d000000|  0%| F|  |TAMS 0x000000072ce00000, 0x000000072ce00000| Untracked 
|  86|0x000000072d000000, 0x000000072d200000, 0x000000072d200000|100%| E|  |TAMS 0x000000072d000000, 0x000000072d000000| Complete 
|  87|0x000000072d200000, 0x000000072d400000, 0x000000072d400000|100%| E|CS|TAMS 0x000000072d200000, 0x000000072d200000| Complete 
|  88|0x000000072d400000, 0x000000072d600000, 0x000000072d600000|100%| E|CS|TAMS 0x000000072d400000, 0x000000072d400000| Complete 
|  89|0x000000072d600000, 0x000000072d800000, 0x000000072d800000|100%| E|CS|TAMS 0x000000072d600000, 0x000000072d600000| Complete 
|  90|0x000000072d800000, 0x000000072da00000, 0x000000072da00000|100%| E|CS|TAMS 0x000000072d800000, 0x000000072d800000| Complete 
|  91|0x000000072da00000, 0x000000072da0f040, 0x000000072dc00000|  2%| S|CS|TAMS 0x000000072da00000, 0x000000072da00000| Complete 
|  92|0x000000072dc00000, 0x000000072de00000, 0x000000072de00000|100%| S|CS|TAMS 0x000000072dc00000, 0x000000072dc00000| Complete 
|  93|0x000000072de00000, 0x000000072e000000, 0x000000072e000000|100%| E|CS|TAMS 0x000000072de00000, 0x000000072de00000| Complete 
|  94|0x000000072e000000, 0x000000072e200000, 0x000000072e200000|100%| E|CS|TAMS 0x000000072e000000, 0x000000072e000000| Complete 
|  95|0x000000072e200000, 0x000000072e400000, 0x000000072e400000|100%| E|CS|TAMS 0x000000072e200000, 0x000000072e200000| Complete 
|  96|0x000000072e400000, 0x000000072e600000, 0x000000072e600000|100%| E|CS|TAMS 0x000000072e400000, 0x000000072e400000| Complete 
|  97|0x000000072e600000, 0x000000072e800000, 0x000000072e800000|100%| E|CS|TAMS 0x000000072e600000, 0x000000072e600000| Complete 
|  98|0x000000072e800000, 0x000000072ea00000, 0x000000072ea00000|100%| E|CS|TAMS 0x000000072e800000, 0x000000072e800000| Complete 
|  99|0x000000072ea00000, 0x000000072ec00000, 0x000000072ec00000|100%| E|CS|TAMS 0x000000072ea00000, 0x000000072ea00000| Complete 
| 100|0x000000072ec00000, 0x000000072ee00000, 0x000000072ee00000|100%| E|CS|TAMS 0x000000072ec00000, 0x000000072ec00000| Complete 
| 101|0x000000072ee00000, 0x000000072f000000, 0x000000072f000000|100%| E|CS|TAMS 0x000000072ee00000, 0x000000072ee00000| Complete 
| 102|0x000000072f000000, 0x000000072f200000, 0x000000072f200000|100%| E|CS|TAMS 0x000000072f000000, 0x000000072f000000| Complete 
| 103|0x000000072f200000, 0x000000072f400000, 0x000000072f400000|100%| E|CS|TAMS 0x000000072f200000, 0x000000072f200000| Complete 
| 104|0x000000072f400000, 0x000000072f600000, 0x000000072f600000|100%| E|CS|TAMS 0x000000072f400000, 0x000000072f400000| Complete 
| 105|0x000000072f600000, 0x000000072f800000, 0x000000072f800000|100%| E|CS|TAMS 0x000000072f600000, 0x000000072f600000| Complete 
| 106|0x000000072f800000, 0x000000072fa00000, 0x000000072fa00000|100%| E|CS|TAMS 0x000000072f800000, 0x000000072f800000| Complete 
| 107|0x000000072fa00000, 0x000000072fc00000, 0x000000072fc00000|100%| E|CS|TAMS 0x000000072fa00000, 0x000000072fa00000| Complete 
| 108|0x000000072fc00000, 0x000000072fe00000, 0x000000072fe00000|100%| E|CS|TAMS 0x000000072fc00000, 0x000000072fc00000| Complete 
| 109|0x000000072fe00000, 0x0000000730000000, 0x0000000730000000|100%| E|CS|TAMS 0x000000072fe00000, 0x000000072fe00000| Complete 
| 110|0x0000000730000000, 0x0000000730200000, 0x0000000730200000|100%| E|CS|TAMS 0x0000000730000000, 0x0000000730000000| Complete 

Card table byte_map: [0x000001cd694d0000,0x000001cd69bc0000] _byte_map_base: 0x000001cd65bbe000

Marking Bits (Prev, Next): (CMBitMap*) 0x000001cd55ef8ee0, (CMBitMap*) 0x000001cd55ef8f20
 Prev Bits: [0x000001cd6a2b0000, 0x000001cd6da20000)
 Next Bits: [0x000001cd6da20000, 0x000001cd71190000)

Polling page: 0x000001cd53e50000

Metaspace:

Usage:
  Non-class:     12.06 MB used.
      Class:      1.29 MB used.
       Both:     13.35 MB used.

Virtual space:
  Non-class space:       64.00 MB reserved,      12.12 MB ( 19%) committed,  1 nodes.
      Class space:        1.00 GB reserved,       1.44 MB ( <1%) committed,  1 nodes.
             Both:        1.06 GB reserved,      13.56 MB (  1%) committed. 

Chunk freelists:
   Non-Class:  3.00 MB
       Class:  14.62 MB
        Both:  17.62 MB

MaxMetaspaceSize: unlimited
CompressedClassSpaceSize: 1.00 GB
Initial GC threshold: 21.00 MB
Current GC threshold: 21.00 MB
CDS: off
MetaspaceReclaimPolicy: balanced
 - commit_granule_bytes: 65536.
 - commit_granule_words: 8192.
 - virtual_space_node_default_size: 8388608.
 - enlarge_chunks_in_place: 1.
 - new_chunks_are_fully_committed: 0.
 - uncommit_free_chunks: 1.
 - use_allocation_guard: 0.
 - handle_deallocations: 1.


Internal statistics:

num_allocs_failed_limit: 0.
num_arena_births: 114.
num_arena_deaths: 0.
num_vsnodes_births: 2.
num_vsnodes_deaths: 0.
num_space_committed: 217.
num_space_uncommitted: 0.
num_chunks_returned_to_freelist: 0.
num_chunks_taken_from_freelist: 200.
num_chunk_merges: 0.
num_chunk_splits: 97.
num_chunks_enlarged: 22.
num_inconsistent_stats: 0.

CodeHeap 'non-profiled nmethods': size=119168Kb used=1467Kb max_used=1467Kb free=117700Kb
 bounds [0x000001cd610f0000, 0x000001cd61360000, 0x000001cd68550000]
CodeHeap 'profiled nmethods': size=119104Kb used=3420Kb max_used=3420Kb free=115683Kb
 bounds [0x000001cd59550000, 0x000001cd598b0000, 0x000001cd609a0000]
CodeHeap 'non-nmethods': size=7488Kb used=1255Kb max_used=2975Kb free=6233Kb
 bounds [0x000001cd609a0000, 0x000001cd60c90000, 0x000001cd610f0000]
 total_blobs=2596 nmethods=2021 adapters=488
 compilation: enabled
              stopped_count=0, restarted_count=0
 full_count=0

Compilation events (20 events):
Event: 6.578 Thread 0x000001cd741fc270 nmethod 2001 0x000001cd61250010 code [0x000001cd612501c0, 0x000001cd61250a58]
Event: 6.578 Thread 0x000001cd741fc270 2000       4       sun.java2d.d3d.D3DSurfaceData$1::run (15 bytes)
Event: 6.581 Thread 0x000001cd741fc270 nmethod 2000 0x000001cd61250f90 code [0x000001cd61251120, 0x000001cd61251268]
Event: 6.625 Thread 0x000001cd741fc270 2002       4       java.util.ArrayList::toArray (57 bytes)
Event: 6.629 Thread 0x000001cd741fc270 nmethod 2002 0x000001cd61251410 code [0x000001cd612515a0, 0x000001cd612519f8]
Event: 6.638 Thread 0x000001cd741fc270 2003       4       javax.swing.MultiUIDefaults::get (67 bytes)
Event: 6.661 Thread 0x000001cd741fc270 nmethod 2003 0x000001cd61251b90 code [0x000001cd61251d80, 0x000001cd61253098]
Event: 6.685 Thread 0x000001cd741fc270 2004   !   4       sun.java2d.d3d.D3DVolatileSurfaceManager::initAcceleratedSurface (169 bytes)
Event: 6.691 Thread 0x000001cd741fc270 nmethod 2004 0x000001cd61253c10 code [0x000001cd61253e00, 0x000001cd61254468]
Event: 6.691 Thread 0x000001cd741fc270 2005       4       sun.swing.CachedPainter::getImage (474 bytes)
Event: 6.946 Thread 0x000001cd741fc270 nmethod 2005 0x000001cd61254a10 code [0x000001cd61254f20, 0x000001cd6125ae00]
Event: 7.121 Thread 0x000001cd741fef40 2006       3       jdk.internal.loader.NativeLibraries$NativeLibraryImpl::find (6 bytes)
Event: 7.121 Thread 0x000001cd741fef40 nmethod 2006 0x000001cd59897790 code [0x000001cd59897920, 0x000001cd59897a48]
Event: 7.121 Thread 0x000001cd741fef40 2008       3       sun.awt.SunHints$Value::get (8 bytes)
Event: 7.121 Thread 0x000001cd741fef40 nmethod 2008 0x000001cd59897b10 code [0x000001cd59897ca0, 0x000001cd59897df8]
Event: 7.125 Thread 0x000001cd741fc270 2009       4       sun.java2d.SunGraphics2D::<init> (154 bytes)
Event: 7.130 Thread 0x000001cd741fef40 2011   !   3       sun.java2d.d3d.D3DBlitLoops::IsoBlit (202 bytes)
Event: 7.131 Thread 0x000001cd741fef40 nmethod 2011 0x000001cd59897f10 code [0x000001cd59898300, 0x000001cd5989a2f8]
Event: 7.131 Thread 0x000001cd741fef40 2012       3       sun.java2d.d3d.D3DBlitLoops::createPackedParams (60 bytes)
Event: 7.131 Thread 0x000001cd741fef40 nmethod 2012 0x000001cd5989b290 code [0x000001cd5989b420, 0x000001cd5989b698]

GC Heap History (4 events):
Event: 1.757 GC heap before
{Heap before GC invocations=0 (full 0):
 garbage-first heap   total 227328K, used 26624K [0x0000000722400000, 0x0000000800000000)
  region size 2048K, 11 young (22528K), 0 survivors (0K)
 Metaspace       used 13512K, committed 13696K, reserved 1114112K
  class space    used 1312K, committed 1408K, reserved 1048576K
}
Event: 1.761 GC heap after
{Heap after GC invocations=1 (full 0):
 garbage-first heap   total 227328K, used 6037K [0x0000000722400000, 0x0000000800000000)
  region size 2048K, 1 young (2048K), 1 survivors (2048K)
 Metaspace       used 13512K, committed 13696K, reserved 1114112K
  class space    used 1312K, committed 1408K, reserved 1048576K
}
Event: 4.416 GC heap before
{Heap before GC invocations=1 (full 0):
 garbage-first heap   total 227328K, used 40853K [0x0000000722400000, 0x0000000800000000)
  region size 2048K, 18 young (36864K), 1 survivors (2048K)
 Metaspace       used 13584K, committed 13760K, reserved 1114112K
  class space    used 1313K, committed 1408K, reserved 1048576K
}
Event: 4.419 GC heap after
{Heap after GC invocations=2 (full 0):
 garbage-first heap   total 227328K, used 6204K [0x0000000722400000, 0x0000000800000000)
  region size 2048K, 2 young (4096K), 2 survivors (4096K)
 Metaspace       used 13584K, committed 13760K, reserved 1114112K
  class space    used 1313K, committed 1408K, reserved 1048576K
}

Dll operation events (8 events):
Event: 0.006 Loaded shared library C:\Users\hamza\.p2\pool\plugins\org.eclipse.justj.openjdk.hotspot.jre.full.win32.x86_64_17.0.8.v20230831-1047\jre\bin\java.dll
Event: 0.227 Loaded shared library C:\Users\hamza\.p2\pool\plugins\org.eclipse.justj.openjdk.hotspot.jre.full.win32.x86_64_17.0.8.v20230831-1047\jre\bin\jimage.dll
Event: 0.257 Loaded shared library C:\Users\hamza\.p2\pool\plugins\org.eclipse.justj.openjdk.hotspot.jre.full.win32.x86_64_17.0.8.v20230831-1047\jre\bin\awt.dll
Event: 0.460 Loaded shared library C:\Users\hamza\.p2\pool\plugins\org.eclipse.justj.openjdk.hotspot.jre.full.win32.x86_64_17.0.8.v20230831-1047\jre\bin\zip.dll
Event: 0.553 Loaded shared library C:\Users\hamza\.p2\pool\plugins\org.eclipse.justj.openjdk.hotspot.jre.full.win32.x86_64_17.0.8.v20230831-1047\jre\bin\freetype.dll
Event: 0.554 Loaded shared library C:\Users\hamza\.p2\pool\plugins\org.eclipse.justj.openjdk.hotspot.jre.full.win32.x86_64_17.0.8.v20230831-1047\jre\bin\fontmanager.dll
Event: 0.580 Loaded shared library C:\Users\hamza\.p2\pool\plugins\org.eclipse.justj.openjdk.hotspot.jre.full.win32.x86_64_17.0.8.v20230831-1047\jre\bin\net.dll
Event: 0.582 Loaded shared library C:\Users\hamza\.p2\pool\plugins\org.eclipse.justj.openjdk.hotspot.jre.full.win32.x86_64_17.0.8.v20230831-1047\jre\bin\nio.dll

Deoptimization events (20 events):
Event: 7.133 Thread 0x000001cd74bad6e0 Uncommon trap: trap_request=0xffffffde fr.pc=0x000001cd6124ce14 relative=0x0000000000000454
Event: 7.133 Thread 0x000001cd74bad6e0 Uncommon trap: reason=class_check action=maybe_recompile pc=0x000001cd6124ce14 method=sun.java2d.Disposer.add(Ljava/lang/Object;Lsun/java2d/DisposerRecord;)V @ 8 c2
Event: 7.133 Thread 0x000001cd74bad6e0 DEOPT PACKING pc=0x000001cd6124ce14 sp=0x000000be91bfc9b0
Event: 7.133 Thread 0x000001cd74bad6e0 DEOPT UNPACKING pc=0x000001cd609f69a3 sp=0x000000be91bfc908 mode 2
Event: 7.133 Thread 0x000001cd74bad6e0 Uncommon trap: trap_request=0xffffffc6 fr.pc=0x000001cd6114ba88 relative=0x00000000000003c8
Event: 7.133 Thread 0x000001cd74bad6e0 Uncommon trap: reason=bimorphic_or_optimized_type_check action=maybe_recompile pc=0x000001cd6114ba88 method=sun.java2d.SunGraphics2D.validateColor()V @ 95 c2
Event: 7.133 Thread 0x000001cd74bad6e0 DEOPT PACKING pc=0x000001cd6114ba88 sp=0x000000be91bfd2e0
Event: 7.133 Thread 0x000001cd74bad6e0 DEOPT UNPACKING pc=0x000001cd609f69a3 sp=0x000000be91bfd218 mode 2
Event: 7.134 Thread 0x000001cd74bad6e0 Uncommon trap: trap_request=0xffffffc6 fr.pc=0x000001cd6119ce48 relative=0x0000000000000f28
Event: 7.134 Thread 0x000001cd74bad6e0 Uncommon trap: reason=bimorphic_or_optimized_type_check action=maybe_recompile pc=0x000001cd6119ce48 method=sun.java2d.pipe.ValidatePipe.fillRect(Lsun/java2d/SunGraphics2D;IIII)V @ 19 c2
Event: 7.134 Thread 0x000001cd74bad6e0 DEOPT PACKING pc=0x000001cd6119ce48 sp=0x000000be91bfd1d0
Event: 7.134 Thread 0x000001cd74bad6e0 DEOPT UNPACKING pc=0x000001cd609f69a3 sp=0x000000be91bfd1b8 mode 2
Event: 7.134 Thread 0x000001cd74bad6e0 Uncommon trap: trap_request=0xffffffde fr.pc=0x000001cd61197c20 relative=0x0000000000001800
Event: 7.134 Thread 0x000001cd74bad6e0 Uncommon trap: reason=class_check action=maybe_recompile pc=0x000001cd61197c20 method=sun.java2d.SunGraphics2D.drawHiDPIImage(Ljava/awt/Image;IIIIIIIILjava/awt/Color;Ljava/awt/image/ImageObserver;Ljava/awt/geom/AffineTransform;)Ljava/lang/Boolean; @ 373 c
Event: 7.134 Thread 0x000001cd74bad6e0 DEOPT PACKING pc=0x000001cd61197c20 sp=0x000000be91bfd7a0
Event: 7.134 Thread 0x000001cd74bad6e0 DEOPT UNPACKING pc=0x000001cd609f69a3 sp=0x000000be91bfd718 mode 2
Event: 7.134 Thread 0x000001cd74bad6e0 Uncommon trap: trap_request=0xffffffde fr.pc=0x000001cd6123dc58 relative=0x0000000000000698
Event: 7.134 Thread 0x000001cd74bad6e0 Uncommon trap: reason=class_check action=maybe_recompile pc=0x000001cd6123dc58 method=sun.awt.image.SurfaceManager.getImageScaleX(Ljava/awt/Image;)D @ 18 c2
Event: 7.134 Thread 0x000001cd74bad6e0 DEOPT PACKING pc=0x000001cd6123dc58 sp=0x000000be91bfd400
Event: 7.134 Thread 0x000001cd74bad6e0 DEOPT UNPACKING pc=0x000001cd609f69a3 sp=0x000000be91bfd270 mode 2

Classes unloaded (0 events):
No events

Classes redefined (0 events):
No events

Internal exceptions (18 events):
Event: 0.248 Thread 0x000001cd55e92b90 Exception <a 'java/lang/ClassNotFoundException'{0x00000007301a07d8}: sun/awt/resources/spi/awtProvider> (0x00000007301a07d8) 
thrown [s\src\hotspot\share\classfile\systemDictionary.cpp, line 256]
Event: 0.275 Thread 0x000001cd55e92b90 Exception <a 'java/io/FileNotFoundException'{0x000000072fe37c20}> (0x000000072fe37c20) 
thrown [s\src\hotspot\share\prims\jni.cpp, line 516]
Event: 0.282 Thread 0x000001cd55e92b90 Exception <a 'java/io/FileNotFoundException'{0x000000072fe64b98}> (0x000000072fe64b98) 
thrown [s\src\hotspot\share\prims\jni.cpp, line 516]
Event: 0.326 Thread 0x000001cd55e92b90 Exception <a 'java/lang/NoSuchMethodError'{0x000000072ff268a8}: 'java.lang.Object java.lang.invoke.DirectMethodHandle$Holder.invokeStaticInit(java.lang.Object)'> (0x000000072ff268a8) 
thrown [s\src\hotspot\share\interpreter\linkResolver.cpp, line 759]
Event: 0.407 Thread 0x000001cd55e92b90 Exception <a 'java/lang/NoSuchMethodError'{0x000000072ffe1f48}: 'void java.lang.invoke.DirectMethodHandle$Holder.invokeSpecial(java.lang.Object, java.lang.Object, java.lang.Object)'> (0x000000072ffe1f48) 
thrown [s\src\hotspot\share\interpreter\linkResolver.cpp, line 759]
Event: 0.414 Thread 0x000001cd55e92b90 Exception <a 'java/lang/NoSuchMethodError'{0x000000072fc0c7a0}: 'java.lang.Object java.lang.invoke.DirectMethodHandle$Holder.newInvokeSpecial(java.lang.Object, java.lang.Object, java.lang.Object, java.lang.Object, java.lang.Object)'> (0x000000072fc0c7a0) 
thrown [s\src\hotspot\share\interpreter\linkResolver.cpp, line 759]
Event: 0.416 Thread 0x000001cd55e92b90 Exception <a 'java/lang/NoSuchMethodError'{0x000000072fc18168}: 'java.lang.Object java.lang.invoke.DirectMethodHandle$Holder.invokeStatic(java.lang.Object, int, java.lang.Object, java.lang.Object, java.lang.Object, java.lang.Object)'> (0x000000072fc18168) 
thrown [s\src\hotspot\share\interpreter\linkResolver.cpp, line 759]
Event: 0.419 Thread 0x000001cd55e92b90 Exception <a 'java/lang/NoSuchMethodError'{0x000000072fc3d928}: 'java.lang.Object java.lang.invoke.DirectMethodHandle$Holder.invokeStatic(java.lang.Object, int, java.lang.Object)'> (0x000000072fc3d928) 
thrown [s\src\hotspot\share\interpreter\linkResolver.cpp, line 759]
Event: 0.446 Thread 0x000001cd55e92b90 Exception <a 'java/lang/ClassNotFoundException'{0x000000072fcf5cd0}: com/sun/swing/internal/plaf/metal/resources/spi/metalProvider> (0x000000072fcf5cd0) 
thrown [s\src\hotspot\share\classfile\systemDictionary.cpp, line 256]
Event: 0.446 Thread 0x000001cd55e92b90 Exception <a 'java/lang/ClassNotFoundException'{0x000000072fcf9b08}: com/sun/swing/internal/plaf/basic/resources/spi/basicProvider> (0x000000072fcf9b08) 
thrown [s\src\hotspot\share\classfile\systemDictionary.cpp, line 256]
Event: 0.463 Thread 0x000001cd74a38030 Exception <a 'java/lang/NoSuchMethodError'{0x000000072fd720c0}: 'java.lang.Object java.lang.invoke.DirectMethodHandle$Holder.newInvokeSpecial(java.lang.Object, java.lang.Object, java.lang.Object, int, int, int, int, int)'> (0x000000072fd720c0) 
thrown [s\src\hotspot\share\interpreter\linkResolver.cpp, line 759]
Event: 0.532 Thread 0x000001cd74774970 Exception <a 'java/lang/NoSuchMethodError'{0x000000072ff62c38}: 'void java.lang.invoke.DirectMethodHandle$Holder.invokeVirtual(java.lang.Object, java.lang.Object)'> (0x000000072ff62c38) 
thrown [s\src\hotspot\share\interpreter\linkResolver.cpp, line 759]
Event: 0.549 Thread 0x000001cd55e92b90 Exception <a 'java/lang/NoSuchMethodError'{0x000000072fd46100}: 'void java.lang.invoke.DirectMethodHandle$Holder.invokeStaticInit(java.lang.Object)'> (0x000000072fd46100) 
thrown [s\src\hotspot\share\interpreter\linkResolver.cpp, line 759]
Event: 1.761 Thread 0x000001cd74bad6e0 Implicit null exception at 0x000001cd6115a495 to 0x000001cd6115c61c
Event: 7.104 Thread 0x000001cd74bad6e0 Implicit null exception at 0x000001cd611c111a to 0x000001cd611c1e99
Event: 7.104 Thread 0x000001cd74bad6e0 Implicit null exception at 0x000001cd61205f09 to 0x000001cd61208595
Event: 7.112 Thread 0x000001cd74bad6e0 Implicit null exception at 0x000001cd6120c940 to 0x000001cd6120e6e4
Event: 7.119 Thread 0x000001cd74bad6e0 Implicit null exception at 0x000001cd6118ffe7 to 0x000001cd6119028e

VM Operations (20 events):
Event: 0.675 Executing VM operation: HandshakeAllThreads
Event: 0.675 Executing VM operation: HandshakeAllThreads done
Event: 0.876 Executing VM operation: ICBufferFull
Event: 0.876 Executing VM operation: ICBufferFull done
Event: 1.757 Executing VM operation: G1CollectForAllocation
Event: 1.761 Executing VM operation: G1CollectForAllocation done
Event: 2.762 Executing VM operation: Cleanup
Event: 2.762 Executing VM operation: Cleanup done
Event: 3.776 Executing VM operation: Cleanup
Event: 3.776 Executing VM operation: Cleanup done
Event: 4.416 Executing VM operation: G1CollectForAllocation
Event: 4.419 Executing VM operation: G1CollectForAllocation done
Event: 5.427 Executing VM operation: Cleanup
Event: 5.427 Executing VM operation: Cleanup done
Event: 6.439 Executing VM operation: Cleanup
Event: 6.439 Executing VM operation: Cleanup done
Event: 7.118 Executing VM operation: HandshakeAllThreads
Event: 7.118 Executing VM operation: HandshakeAllThreads done
Event: 7.128 Executing VM operation: HandshakeAllThreads
Event: 7.128 Executing VM operation: HandshakeAllThreads done

Events (20 events):
Event: 5.520 Thread 0x000001cd74a38030 Thread exited: 0x000001cd74a38030
Event: 5.626 Thread 0x000001cd743550f0 Thread added: 0x000001cd743550f0
Event: 5.849 Thread 0x000001cd743550f0 Thread exited: 0x000001cd743550f0
Event: 5.849 Thread 0x000001cd74348770 Thread exited: 0x000001cd74348770
Event: 7.001 loading class java/awt/Canvas
Event: 7.001 loading class java/awt/Canvas done
Event: 7.001 loading class java/awt/Scrollbar
Event: 7.002 loading class java/awt/Adjustable
Event: 7.002 loading class java/awt/Adjustable done
Event: 7.002 loading class java/awt/Scrollbar done
Event: 7.118 loading class sun/awt/image/BufferedImageDevice
Event: 7.119 loading class sun/awt/image/BufferedImageDevice done
Event: 7.119 loading class java/awt/GradientPaintContext
Event: 7.120 loading class java/awt/PaintContext
Event: 7.120 loading class java/awt/PaintContext done
Event: 7.120 loading class java/awt/GradientPaintContext done
Event: 7.120 loading class java/awt/geom/Point2D$Double
Event: 7.120 loading class java/awt/geom/Point2D$Double done
Event: 7.120 loading class sun/java2d/pipe/AlphaPaintPipe$TileContext
Event: 7.120 loading class sun/java2d/pipe/AlphaPaintPipe$TileContext done


Dynamic libraries:
0x00007ff652360000 - 0x00007ff65236e000 	C:\Users\hamza\.p2\pool\plugins\org.eclipse.justj.openjdk.hotspot.jre.full.win32.x86_64_17.0.8.v20230831-1047\jre\bin\javaw.exe
0x00007ffcade50000 - 0x00007ffcae067000 	C:\Windows\SYSTEM32\ntdll.dll
0x00007ffcac8b0000 - 0x00007ffcac974000 	C:\Windows\System32\KERNEL32.DLL
0x00007ffcab1d0000 - 0x00007ffcab576000 	C:\Windows\System32\KERNELBASE.dll
0x00007ffcab580000 - 0x00007ffcab691000 	C:\Windows\System32\ucrtbase.dll
0x00007ffc9ddd0000 - 0x00007ffc9dde7000 	C:\Users\hamza\.p2\pool\plugins\org.eclipse.justj.openjdk.hotspot.jre.full.win32.x86_64_17.0.8.v20230831-1047\jre\bin\jli.dll
0x00007ffc9dcb0000 - 0x00007ffc9dcc9000 	C:\Users\hamza\.p2\pool\plugins\org.eclipse.justj.openjdk.hotspot.jre.full.win32.x86_64_17.0.8.v20230831-1047\jre\bin\VCRUNTIME140.dll
0x00007ffcac6a0000 - 0x00007ffcac84d000 	C:\Windows\System32\USER32.dll
0x00007ffcab720000 - 0x00007ffcab746000 	C:\Windows\System32\win32u.dll
0x00007ffcac380000 - 0x00007ffcac3a9000 	C:\Windows\System32\GDI32.dll
0x00007ffc87f80000 - 0x00007ffc88213000 	C:\Windows\WinSxS\amd64_microsoft.windows.common-controls_6595b64144ccf1df_6.0.22621.2361_none_2712ced57382f843\COMCTL32.dll
0x00007ffcaba20000 - 0x00007ffcabb38000 	C:\Windows\System32\gdi32full.dll
0x00007ffcac570000 - 0x00007ffcac617000 	C:\Windows\System32\msvcrt.dll
0x00007ffcab980000 - 0x00007ffcaba1a000 	C:\Windows\System32\msvcp_win.dll
0x00007ffcaca10000 - 0x00007ffcaca41000 	C:\Windows\System32\IMM32.DLL
0x00007ffca5200000 - 0x00007ffca520c000 	C:\Users\hamza\.p2\pool\plugins\org.eclipse.justj.openjdk.hotspot.jre.full.win32.x86_64_17.0.8.v20230831-1047\jre\bin\vcruntime140_1.dll
0x00007ffc979a0000 - 0x00007ffc97a31000 	C:\Users\hamza\.p2\pool\plugins\org.eclipse.justj.openjdk.hotspot.jre.full.win32.x86_64_17.0.8.v20230831-1047\jre\bin\msvcp140.dll
0x00007ffbec530000 - 0x00007ffbed17c000 	C:\Users\hamza\.p2\pool\plugins\org.eclipse.justj.openjdk.hotspot.jre.full.win32.x86_64_17.0.8.v20230831-1047\jre\bin\server\jvm.dll
0x00007ffcad2b0000 - 0x00007ffcad360000 	C:\Windows\System32\ADVAPI32.dll
0x00007ffcabbb0000 - 0x00007ffcabc56000 	C:\Windows\System32\sechost.dll
0x00007ffcad510000 - 0x00007ffcad627000 	C:\Windows\System32\RPCRT4.dll
0x00007ffc8c7e0000 - 0x00007ffc8c7e9000 	C:\Windows\SYSTEM32\WSOCK32.dll
0x00007ffcaaef0000 - 0x00007ffcaaf3d000 	C:\Windows\SYSTEM32\POWRPROF.dll
0x00007ffcac620000 - 0x00007ffcac691000 	C:\Windows\System32\WS2_32.dll
0x00007ffca3080000 - 0x00007ffca30b4000 	C:\Windows\SYSTEM32\WINMM.dll
0x00007ffca19c0000 - 0x00007ffca19ca000 	C:\Windows\SYSTEM32\VERSION.dll
0x00007ffcaaed0000 - 0x00007ffcaaee3000 	C:\Windows\SYSTEM32\UMPDC.dll
0x00007ffcaa170000 - 0x00007ffcaa188000 	C:\Windows\SYSTEM32\kernel.appcore.dll
0x00007ffca7d40000 - 0x00007ffca7d4a000 	C:\Users\hamza\.p2\pool\plugins\org.eclipse.justj.openjdk.hotspot.jre.full.win32.x86_64_17.0.8.v20230831-1047\jre\bin\jimage.dll
0x00007ffca8d10000 - 0x00007ffca8f3e000 	C:\Windows\SYSTEM32\DBGHELP.DLL
0x00007ffcabc60000 - 0x00007ffcabfea000 	C:\Windows\System32\combase.dll
0x00007ffcad430000 - 0x00007ffcad507000 	C:\Windows\System32\OLEAUT32.dll
0x00007ffc91b40000 - 0x00007ffc91b72000 	C:\Windows\SYSTEM32\dbgcore.DLL
0x00007ffcab6a0000 - 0x00007ffcab71a000 	C:\Windows\System32\bcryptPrimitives.dll
0x00007ffca3300000 - 0x00007ffca3325000 	C:\Users\hamza\.p2\pool\plugins\org.eclipse.justj.openjdk.hotspot.jre.full.win32.x86_64_17.0.8.v20230831-1047\jre\bin\java.dll
0x00007ffca7d20000 - 0x00007ffca7d38000 	C:\Users\hamza\.p2\pool\plugins\org.eclipse.justj.openjdk.hotspot.jre.full.win32.x86_64_17.0.8.v20230831-1047\jre\bin\zip.dll
0x00007ffcaca50000 - 0x00007ffcad2a8000 	C:\Windows\System32\SHELL32.dll
0x00007ffca90e0000 - 0x00007ffca99d2000 	C:\Windows\SYSTEM32\windows.storage.dll
0x00007ffca8fa0000 - 0x00007ffca90de000 	C:\Windows\SYSTEM32\wintypes.dll
0x00007ffcac260000 - 0x00007ffcac353000 	C:\Windows\System32\SHCORE.dll
0x00007ffcac200000 - 0x00007ffcac25e000 	C:\Windows\System32\shlwapi.dll
0x00007ffcab100000 - 0x00007ffcab126000 	C:\Windows\SYSTEM32\profapi.dll
0x00007ffc561d0000 - 0x00007ffc5635e000 	C:\Users\hamza\.p2\pool\plugins\org.eclipse.justj.openjdk.hotspot.jre.full.win32.x86_64_17.0.8.v20230831-1047\jre\bin\awt.dll
0x00007ffca7e10000 - 0x00007ffca7ea7000 	C:\Windows\SYSTEM32\apphelp.dll
0x00007ffca8490000 - 0x00007ffca84bb000 	C:\Windows\system32\DWMAPI.DLL
0x00007ffca81a0000 - 0x00007ffca824b000 	C:\Windows\system32\uxtheme.dll
0x00007ffc83ba0000 - 0x00007ffc83ca0000 	C:\Windows\system32\opengl32.dll
0x00007ffc84780000 - 0x00007ffc847ad000 	C:\Windows\SYSTEM32\GLU32.dll
0x00007ffca8320000 - 0x00007ffca8356000 	C:\Windows\SYSTEM32\dxcore.dll
0x00007ffcadcc0000 - 0x00007ffcade0c000 	C:\Windows\System32\MSCTF.dll
0x00007ffcabff0000 - 0x00007ffcac18f000 	C:\Windows\System32\ole32.dll
0x00007ffc68640000 - 0x00007ffc687e9000 	C:\Windows\system32\d3d9.dll
0x00007ffc9f3b0000 - 0x00007ffc9f56b000 	C:\Windows\System32\DriverStore\FileRepository\u0389765.inf_amd64_e105cdb778e750f5\B389500\aticfx64.dll
0x00007ffc68600000 - 0x00007ffc68634000 	C:\Windows\System32\DriverStore\FileRepository\u0389765.inf_amd64_e105cdb778e750f5\B389500\atiu9p64.dll
0x00007ffc678a0000 - 0x00007ffc685f5000 	C:\Windows\System32\DriverStore\FileRepository\u0389765.inf_amd64_e105cdb778e750f5\B389500\atiumd64.dll
0x000000006bf80000 - 0x000000006cea8000 	C:\Windows\System32\DriverStore\FileRepository\u0389765.inf_amd64_e105cdb778e750f5\B389500\atiumd6a.dll
0x00007ffcad6b0000 - 0x00007ffcadb24000 	C:\Windows\System32\SETUPAPI.dll
0x00007ffcaaaa0000 - 0x00007ffcaaac8000 	C:\Windows\SYSTEM32\bcrypt.dll
0x00007ffc9f1a0000 - 0x00007ffc9f1d5000 	C:\Windows\SYSTEM32\amdihk64.dll
0x00007ffca3ee0000 - 0x00007ffca3f2a000 	C:\Windows\SYSTEM32\directxdatabasehelper.dll
0x00007ffc97910000 - 0x00007ffc97996000 	C:\Users\hamza\.p2\pool\plugins\org.eclipse.justj.openjdk.hotspot.jre.full.win32.x86_64_17.0.8.v20230831-1047\jre\bin\freetype.dll
0x00007ffc7bef0000 - 0x00007ffc7bfc3000 	C:\Users\hamza\.p2\pool\plugins\org.eclipse.justj.openjdk.hotspot.jre.full.win32.x86_64_17.0.8.v20230831-1047\jre\bin\fontmanager.dll
0x00007ffca61b0000 - 0x00007ffca61c9000 	C:\Users\hamza\.p2\pool\plugins\org.eclipse.justj.openjdk.hotspot.jre.full.win32.x86_64_17.0.8.v20230831-1047\jre\bin\net.dll
0x00007ffca3350000 - 0x00007ffca3487000 	C:\Windows\SYSTEM32\WINHTTP.dll
0x00007ffcaa640000 - 0x00007ffcaa6a9000 	C:\Windows\system32\mswsock.dll
0x00007ffc8efc0000 - 0x00007ffc8efd5000 	C:\Users\hamza\.p2\pool\plugins\org.eclipse.justj.openjdk.hotspot.jre.full.win32.x86_64_17.0.8.v20230831-1047\jre\bin\nio.dll
0x00007ffca1ab0000 - 0x00007ffca1bfa000 	C:\Windows\SYSTEM32\textinputframework.dll
0x00007ffc7e3c0000 - 0x00007ffc7e429000 	C:\Windows\system32\Oleacc.dll
0x00007ffca7a40000 - 0x00007ffca7b73000 	C:\Windows\SYSTEM32\CoreMessaging.dll
0x00007ffca3490000 - 0x00007ffca37fc000 	C:\Windows\SYSTEM32\CoreUIComponents.dll
0x00007ffcaa940000 - 0x00007ffcaa94c000 	C:\Windows\SYSTEM32\CRYPTBASE.DLL

dbghelp: loaded successfully - version: 4.0.5 - missing functions: none
symbol engine: initialized successfully - sym options: 0x614 - pdb path: .;C:\Users\hamza\.p2\pool\plugins\org.eclipse.justj.openjdk.hotspot.jre.full.win32.x86_64_17.0.8.v20230831-1047\jre\bin;C:\Windows\SYSTEM32;C:\Windows\WinSxS\amd64_microsoft.windows.common-controls_6595b64144ccf1df_6.0.22621.2361_none_2712ced57382f843;C:\Users\hamza\.p2\pool\plugins\org.eclipse.justj.openjdk.hotspot.jre.full.win32.x86_64_17.0.8.v20230831-1047\jre\bin\server;C:\Windows\System32\DriverStore\FileRepository\u0389765.inf_amd64_e105cdb778e750f5\B389500

VM Arguments:
jvm_args: -Dfile.encoding=windows-1252 -XX:+ShowCodeDetailsInExceptionMessages 
java_command: resultsFrame
java_class_path (initial): C:\Users\hamza\OneDrive - Peel District School Board\Campos4\Unit2_GUI\bin
Launcher Type: SUN_STANDARD

[Global flags]
     intx CICompilerCount                          = 12                                        {product} {ergonomic}
     uint ConcGCThreads                            = 3                                         {product} {ergonomic}
     uint G1ConcRefinementThreads                  = 13                                        {product} {ergonomic}
   size_t G1HeapRegionSize                         = 2097152                                   {product} {ergonomic}
    uintx GCDrainStackTargetSize                   = 64                                        {product} {ergonomic}
   size_t InitialHeapSize                          = 232783872                                 {product} {ergonomic}
   size_t MarkStackSize                            = 4194304                                   {product} {ergonomic}
   size_t MaxHeapSize                              = 3720347648                                {product} {ergonomic}
   size_t MaxNewSize                               = 2231369728                                {product} {ergonomic}
   size_t MinHeapDeltaBytes                        = 2097152                                   {product} {ergonomic}
   size_t MinHeapSize                              = 8388608                                   {product} {ergonomic}
    uintx NonNMethodCodeHeapSize                   = 7602480                                {pd product} {ergonomic}
    uintx NonProfiledCodeHeapSize                  = 122027880                              {pd product} {ergonomic}
    uintx ProfiledCodeHeapSize                     = 122027880                              {pd product} {ergonomic}
    uintx ReservedCodeCacheSize                    = 251658240                              {pd product} {ergonomic}
     bool SegmentedCodeCache                       = true                                      {product} {ergonomic}
     bool ShowCodeDetailsInExceptionMessages       = true                                   {manageable} {command line}
   size_t SoftMaxHeapSize                          = 3720347648                             {manageable} {ergonomic}
     bool UseCompressedClassPointers               = true                           {product lp64_product} {ergonomic}
     bool UseCompressedOops                        = true                           {product lp64_product} {ergonomic}
     bool UseG1GC                                  = true                                      {product} {ergonomic}
     bool UseLargePagesIndividualAllocation        = false                                  {pd product} {ergonomic}

Logging:
Log output configuration:
 #0: stdout all=warning uptime,level,tags
 #1: stderr all=off uptime,level,tags

Environment Variables:
PATH=C:/Users/hamza/.p2/pool/plugins/org.eclipse.justj.openjdk.hotspot.jre.full.win32.x86_64_17.0.8.v20230831-1047/jre/bin/server;C:/Users/hamza/.p2/pool/plugins/org.eclipse.justj.openjdk.hotspot.jre.full.win32.x86_64_17.0.8.v20230831-1047/jre/bin;C:\Windows\system32;C:\Windows;C:\Windows\System32\Wbem;C:\Windows\System32\WindowsPowerShell\v1.0\;C:\Windows\System32\OpenSSH\;C:\Users\hamza\AppData\Local\Microsoft\WindowsApps;;C:\Users\hamza\OneDrive\Desktop;
USERNAME=hamza
OS=Windows_NT
PROCESSOR_IDENTIFIER=AMD64 Family 25 Model 80 Stepping 0, AuthenticAMD
TMP=C:\Users\hamza\AppData\Local\Temp
TEMP=C:\Users\hamza\AppData\Local\Temp



---------------  S Y S T E M  ---------------

OS:
 Windows 11 , 64 bit Build 22621 (10.0.22621.2428)
OS uptime: 3 days 0:35 hours
Hyper-V role detected

CPU: total 16 (initial active 16) (16 cores per cpu, 2 threads per core) family 25 model 80 stepping 0 microcode 0x0, cx8, cmov, fxsr, ht, mmx, 3dnowpref, sse, sse2, sse3, ssse3, sse4a, sse4.1, sse4.2, popcnt, lzcnt, tsc, tscinvbit, avx, avx2, aes, erms, clmul, bmi1, bmi2, adx, sha, fma, vzeroupper, clflush, clflushopt, hv
Processor Information for all 16 processors :
  Max Mhz: 2000, Current Mhz: 2000, Mhz Limit: 2000

Memory: 4k page, system-wide physical 14188M (397M free)
TotalPageFile size 57196M (AvailPageFile size 0M)
current process WorkingSet (physical memory assigned to process): 164M, peak: 194M
current process commit charge ("private bytes"): 783M, peak: 785M

vm_info: OpenJDK 64-Bit Server VM (17.0.8.1+1) for windows-amd64 JRE (17.0.8.1+1), built on Aug 23 2023 15:29:17 by "admin" with MS VC++ 16.7 (VS2019)

END.
